<?xml version="1.0" encoding="UTF-8"?>
<!-- Generated by org.testng.reporters.JUnitXMLReporter -->
<testsuite ignored="0" hostname="DESKTOP-9FFHNT2" failures="1" tests="20" name="Surefire test" time="77.07" errors="0" timestamp="2023-06-26T09:51:48 ALMT">
  <testcase classname="org.OptimaBusTests.uiTests.CalcTests" name="loginWithValidCredentials" time="1.304"/>
  <testcase classname="org.OptimaBusTests.uiTests.CalcTests" name="chooseUSD" time="3.018"/>
  <testcase classname="org.OptimaBusTests.uiTests.LoginTests" name="loginWithValidCredentials" time="1.362"/>
  <testcase classname="org.OptimaBusTests.uiTests.MainPageTest" name="checkTheMPBar" time="2.375"/>
  <testcase classname="org.OptimaBusTests.uiTests.MainPageTest" name="visibilityBellBtn" time="15.044">
    <failure type="org.openqa.selenium.NoSuchElementException" message="no such element: Unable to locate element: {&amp;quot;method&amp;quot;:&amp;quot;xpath&amp;quot;,&amp;quot;selector&amp;quot;:&amp;quot;.//button[@class=&amp;apos;q-btn q-btn-item non-selectable no-outline q-btn--flat q-btn--round q-btn--actionable q-focusable q-hoverable q-btn--dense icon-notification lite-shadow payment__btn&amp;apos;]&amp;quot;}
  (Session info: chrome=114.0.5735.134)
For documentation on this error, please visit: https://selenium.dev/exceptions/#no_such_element
Build info: version: &amp;apos;4.8.0&amp;apos;, revision: &amp;apos;267030adea&amp;apos;
System info: os.name: &amp;apos;Windows 10&amp;apos;, os.arch: &amp;apos;amd64&amp;apos;, os.version: &amp;apos;10.0&amp;apos;, java.version: &amp;apos;11.0.16.1&amp;apos;
Driver info: org.openqa.selenium.chrome.ChromeDriver
Command: [fd69403acc135243a4a8efba47afd3d1, findElement {using=xpath, value=.//button[@class=&amp;apos;q-btn q-btn-item non-selectable no-outline q-btn--flat q-btn--round q-btn--actionable q-focusable q-hoverable q-btn--dense icon-notification lite-shadow payment__btn&amp;apos;]}]
Capabilities {acceptInsecureCerts: false, browserName: chrome, browserVersion: 114.0.5735.134, chrome: {chromedriverVersion: 114.0.5735.90 (386bc09e8f4f..., userDataDir: C:\Users\Asus\AppData\Local...}, goog:chromeOptions: {debuggerAddress: localhost:60484}, networkConnectionEnabled: false, pageLoadStrategy: normal, platformName: WINDOWS, proxy: Proxy(), se:cdp: ws://localhost:60484/devtoo..., se:cdpVersion: 114.0.5735.134, setWindowRect: true, strictFileInteractability: false, timeouts: {implicit: 0, pageLoad: 300000, script: 30000}, unhandledPromptBehavior: dismiss and notify, webauthn:extension:credBlob: true, webauthn:extension:largeBlob: true, webauthn:extension:minPinLength: true, webauthn:extension:prf: true, webauthn:virtualAuthenticators: true}
Session ID: fd69403acc135243a4a8efba47afd3d1">
      <![CDATA[org.openqa.selenium.NoSuchElementException: no such element: Unable to locate element: {"method":"xpath","selector":".//button[@class='q-btn q-btn-item non-selectable no-outline q-btn--flat q-btn--round q-btn--actionable q-focusable q-hoverable q-btn--dense icon-notification lite-shadow payment__btn']"}
  (Session info: chrome=114.0.5735.134)
For documentation on this error, please visit: https://selenium.dev/exceptions/#no_such_element
Build info: version: '4.8.0', revision: '267030adea'
System info: os.name: 'Windows 10', os.arch: 'amd64', os.version: '10.0', java.version: '11.0.16.1'
Driver info: org.openqa.selenium.chrome.ChromeDriver
Command: [fd69403acc135243a4a8efba47afd3d1, findElement {using=xpath, value=.//button[@class='q-btn q-btn-item non-selectable no-outline q-btn--flat q-btn--round q-btn--actionable q-focusable q-hoverable q-btn--dense icon-notification lite-shadow payment__btn']}]
Capabilities {acceptInsecureCerts: false, browserName: chrome, browserVersion: 114.0.5735.134, chrome: {chromedriverVersion: 114.0.5735.90 (386bc09e8f4f..., userDataDir: C:\Users\Asus\AppData\Local...}, goog:chromeOptions: {debuggerAddress: localhost:60484}, networkConnectionEnabled: false, pageLoadStrategy: normal, platformName: WINDOWS, proxy: Proxy(), se:cdp: ws://localhost:60484/devtoo..., se:cdpVersion: 114.0.5735.134, setWindowRect: true, strictFileInteractability: false, timeouts: {implicit: 0, pageLoad: 300000, script: 30000}, unhandledPromptBehavior: dismiss and notify, webauthn:extension:credBlob: true, webauthn:extension:largeBlob: true, webauthn:extension:minPinLength: true, webauthn:extension:prf: true, webauthn:virtualAuthenticators: true}
Session ID: fd69403acc135243a4a8efba47afd3d1
at org.openqa.selenium.remote.codec.w3c.W3CHttpResponseCodec.createException(W3CHttpResponseCodec.java:200)
at org.openqa.selenium.remote.codec.w3c.W3CHttpResponseCodec.decode(W3CHttpResponseCodec.java:133)
at org.openqa.selenium.remote.codec.w3c.W3CHttpResponseCodec.decode(W3CHttpResponseCodec.java:53)
at org.openqa.selenium.remote.HttpCommandExecutor.execute(HttpCommandExecutor.java:184)
at org.openqa.selenium.remote.service.DriverCommandExecutor.invokeExecute(DriverCommandExecutor.java:167)
at org.openqa.selenium.remote.service.DriverCommandExecutor.execute(DriverCommandExecutor.java:142)
at org.openqa.selenium.remote.RemoteWebDriver.execute(RemoteWebDriver.java:543)
at org.openqa.selenium.remote.ElementLocation$ElementFinder$2.findElement(ElementLocation.java:162)
at org.openqa.selenium.remote.ElementLocation.findElement(ElementLocation.java:60)
at org.openqa.selenium.remote.RemoteWebDriver.findElement(RemoteWebDriver.java:352)
at org.openqa.selenium.remote.RemoteWebDriver.findElement(RemoteWebDriver.java:344)
at org.openqa.selenium.support.pagefactory.DefaultElementLocator.findElement(DefaultElementLocator.java:70)
at org.openqa.selenium.support.pagefactory.internal.LocatingElementHandler.invoke(LocatingElementHandler.java:39)
at com.sun.proxy.$Proxy30.click(Unknown Source)
at org.OptimaBus.UI.pages.MainPage.checkBellBtn(MainPage.java:76)
at org.OptimaBusTests.uiTests.MainPageTest.visibilityBellBtn(MainPageTest.java:39)
at java.base/java.util.ArrayList.forEach(ArrayList.java:1541)
... Removed 36 stack frames]]>
    </failure>
  </testcase> <!-- visibilityBellBtn -->
  <testcase classname="org.OptimaBusTests.uiTests.MainPageTest" name="checkOtherBTNS" time="0.704"/>
  <testcase classname="org.OptimaBusTests.uiTests.MainPageTest" name="importCheckBTN" time="0.002"/>
  <testcase classname="org.OptimaBusTests.uiTests.OperationHisTests" name="checkThe2BTN" time="0.36"/>
  <testcase classname="org.OptimaBusTests.uiTests.OperationHisTests" name="NaPodpis" time="0.329"/>
  <testcase classname="org.OptimaBusTests.uiTests.OperationHisTests" name="OjidaetOtpr" time="0.313"/>
  <testcase classname="org.OptimaBusTests.uiTests.OperationHisTests" name="NaRedact" time="0.313"/>
  <testcase classname="org.OptimaBusTests.uiTests.OperationHisTests" name="Ispolnennye" time="0.314"/>
  <testcase classname="org.OptimaBusTests.uiTests.OperationHisTests" name="Otklonennye" time="0.315"/>
  <testcase classname="org.OptimaBusTests.uiTests.OperationHisTests" name="OtkazanoBankom" time="0.31"/>
  <testcase classname="org.OptimaBusTests.uiTests.OperationHisTests" name="MoiChernoviki" time="0.315"/>
  <testcase classname="org.OptimaBusTests.uiTests.SettingsTests" name="CheckSettings" time="0.144"/>
  <testcase classname="org.OptimaBusTests.uiTests.SettingsTests" name="PayControl" time="0.43"/>
  <testcase classname="org.OptimaBusTests.uiTests.SettingsTests" name="AccountVisibility" time="4.71"/>
  <testcase classname="org.OptimaBusTests.uiTests.SettingsTests" name="ChangePassword" time="0.649"/>
  <testcase classname="org.OptimaBusTests.uiTests.SettingsTests" name="ChangeNumber" time="0.312"/>
</testsuite> <!-- Surefire test -->
