<!DOCTYPE html>

<html>
  <head>
  <meta charset='utf-8'>
  <title>TestNG reports</title>

    <link type="text/css" href="testng-reports1.css" rel="stylesheet" id="ultra" />
    <link type="text/css" href="testng-reports.css" rel="stylesheet" id="retro" disabled="false"/>
    <script type="text/javascript" src="jquery-3.6.0.min.js"></script>
    <script type="text/javascript" src="testng-reports.js"></script>
    <script type="text/javascript" src="https://www.google.com/jsapi"></script>
    <script type='text/javascript'>
      google.load('visualization', '1', {packages:['table']});
      google.setOnLoadCallback(drawTable);
      var suiteTableInitFunctions = new Array();
      var suiteTableData = new Array();
    </script>
    <!--
      <script type="text/javascript" src="jquery-ui/js/jquery-ui-1.8.16.custom.min.js"></script>
     -->
  </head>

  <body>    <div class="top-banner-root">
      <span class="top-banner-title-font">Test results</span>
      <button id="button" class="button">Switch Retro Theme</button> <!-- button -->
      <br/>
      <span class="top-banner-font-1">1 suite, 17 failed tests</span>
    </div> <!-- top-banner-root -->
    <div class="navigator-root">
      <div class="navigator-suite-header">
        <span>All suites</span>
        <a href="#" title="Collapse/expand all the suites" class="collapse-all-link">
          <img src="collapseall.gif" class="collapse-all-icon">
          </img> <!-- collapse-all-icon -->
        </a> <!-- collapse-all-link -->
      </div> <!-- navigator-suite-header -->
      <div class="suite">
        <div class="rounded-window">
          <div class="suite-header light-rounded-window-top">
            <a href="#" panel-name="suite-Surefire_suite" class="navigator-link">
              <span class="suite-name border-failed">Surefire suite</span>
            </a> <!-- navigator-link -->
          </div> <!-- suite-header light-rounded-window-top -->
          <div class="navigator-suite-content">
            <div class="suite-section-title">
              <span>Info</span>
            </div> <!-- suite-section-title -->
            <div class="suite-section-content">
              <ul>
                <li>
                  <a href="#" panel-name="test-xml-Surefire_suite" class="navigator-link ">
                    <span>[unset file name]</span>
                  </a> <!-- navigator-link  -->
                </li>
                <li>
                  <a href="#" panel-name="testlist-Surefire_suite" class="navigator-link ">
                    <span class="test-stats">1 test</span>
                  </a> <!-- navigator-link  -->
                </li>
                <li>
                  <a href="#" panel-name="group-Surefire_suite" class="navigator-link ">
                    <span>0 groups</span>
                  </a> <!-- navigator-link  -->
                </li>
                <li>
                  <a href="#" panel-name="times-Surefire_suite" class="navigator-link ">
                    <span>Times</span>
                  </a> <!-- navigator-link  -->
                </li>
                <li>
                  <a href="#" panel-name="reporter-Surefire_suite" class="navigator-link ">
                    <span>Reporter output</span>
                  </a> <!-- navigator-link  -->
                </li>
                <li>
                  <a href="#" panel-name="ignored-methods-Surefire_suite" class="navigator-link ">
                    <span>Ignored methods</span>
                  </a> <!-- navigator-link  -->
                </li>
                <li>
                  <a href="#" panel-name="chronological-Surefire_suite" class="navigator-link ">
                    <span>Chronological view</span>
                  </a> <!-- navigator-link  -->
                </li>
              </ul>
            </div> <!-- suite-section-content -->
            <div class="result-section">
              <div class="suite-section-title">
                <span>Results</span>
              </div> <!-- suite-section-title -->
              <div class="suite-section-content">
                <ul>
                  <li>
                    <span class="method-stats">58 methods, 17 failed,   41 passed</span>
                  </li>
                  <li>
                    <span class="method-list-title failed">Failed methods</span>
                    <span class="show-or-hide-methods failed">
                      <a href="#" panel-name="suite-Surefire_suite" class="hide-methods failed suite-Surefire_suite"> (hide)</a> <!-- hide-methods failed suite-Surefire_suite -->
                      <a href="#" panel-name="suite-Surefire_suite" class="show-methods failed suite-Surefire_suite"> (show)</a> <!-- show-methods failed suite-Surefire_suite -->
                    </span>
                    <div class="method-list-content failed suite-Surefire_suite">
                      <span>
                        <img src="failed.png" width="3%"/>
                        <a href="#" panel-name="suite-Surefire_suite" title="org.OptimaBusTests.uiTests.OperationHisTests" class="method navigator-link" hash-for-method="Ispolnennye">Ispolnennye</a> <!-- method navigator-link -->
                      </span>
                      <br/>
                      <span>
                        <img src="failed.png" width="3%"/>
                        <a href="#" panel-name="suite-Surefire_suite" title="org.OptimaBusTests.uiTests.OperationHisTests" class="method navigator-link" hash-for-method="MoiChernoviki">MoiChernoviki</a> <!-- method navigator-link -->
                      </span>
                      <br/>
                      <span>
                        <img src="failed.png" width="3%"/>
                        <a href="#" panel-name="suite-Surefire_suite" title="org.OptimaBusTests.uiTests.mainPageTests.OperationHisTests" class="method navigator-link" hash-for-method="MoiChernoviki">MoiChernoviki</a> <!-- method navigator-link -->
                      </span>
                      <br/>
                      <span>
                        <img src="failed.png" width="3%"/>
                        <a href="#" panel-name="suite-Surefire_suite" title="org.OptimaBusTests.uiTests.OperationHisTests" class="method navigator-link" hash-for-method="NaPodpis">NaPodpis</a> <!-- method navigator-link -->
                      </span>
                      <br/>
                      <span>
                        <img src="failed.png" width="3%"/>
                        <a href="#" panel-name="suite-Surefire_suite" title="org.OptimaBusTests.uiTests.OperationHisTests" class="method navigator-link" hash-for-method="NaRedact">NaRedact</a> <!-- method navigator-link -->
                      </span>
                      <br/>
                      <span>
                        <img src="failed.png" width="3%"/>
                        <a href="#" panel-name="suite-Surefire_suite" title="org.OptimaBusTests.uiTests.OperationHisTests" class="method navigator-link" hash-for-method="OjidaetOtpr">OjidaetOtpr</a> <!-- method navigator-link -->
                      </span>
                      <br/>
                      <span>
                        <img src="failed.png" width="3%"/>
                        <a href="#" panel-name="suite-Surefire_suite" title="org.OptimaBusTests.uiTests.OperationHisTests" class="method navigator-link" hash-for-method="OtkazanoBankom">OtkazanoBankom</a> <!-- method navigator-link -->
                      </span>
                      <br/>
                      <span>
                        <img src="failed.png" width="3%"/>
                        <a href="#" panel-name="suite-Surefire_suite" title="org.OptimaBusTests.uiTests.OperationHisTests" class="method navigator-link" hash-for-method="Otklonennye">Otklonennye</a> <!-- method navigator-link -->
                      </span>
                      <br/>
                      <span>
                        <img src="failed.png" width="3%"/>
                        <a href="#" panel-name="suite-Surefire_suite" title="org.OptimaBusTests.uiTests.LoginTests" class="method navigator-link" hash-for-method="checkHElpBTN">checkHElpBTN</a> <!-- method navigator-link -->
                      </span>
                      <br/>
                      <span>
                        <img src="failed.png" width="3%"/>
                        <a href="#" panel-name="suite-Surefire_suite" title="org.OptimaBusTests.uiTests.mainPageTests.MainPageTest" class="method navigator-link" hash-for-method="checkOtherBTNS">checkOtherBTNS</a> <!-- method navigator-link -->
                      </span>
                      <br/>
                      <span>
                        <img src="failed.png" width="3%"/>
                        <a href="#" panel-name="suite-Surefire_suite" title="org.OptimaBusTests.uiTests.createBTNTest.MBPerevodValTest" class="method navigator-link" hash-for-method="checkTheFunctionalWithRU">checkTheFunctionalWithRU</a> <!-- method navigator-link -->
                      </span>
                      <br/>
                      <span>
                        <img src="failed.png" width="3%"/>
                        <a href="#" panel-name="suite-Surefire_suite" title="org.OptimaBusTests.uiTests.mainPageTests.MainPageTest" class="method navigator-link" hash-for-method="checkTheMPBar">checkTheMPBar</a> <!-- method navigator-link -->
                      </span>
                      <br/>
                      <span>
                        <img src="failed.png" width="3%"/>
                        <a href="#" panel-name="suite-Surefire_suite" title="org.OptimaBusTests.uiTests.CalcTests" class="method navigator-link" hash-for-method="chooseUSD">chooseUSD</a> <!-- method navigator-link -->
                      </span>
                      <br/>
                      <span>
                        <img src="failed.png" width="3%"/>
                        <a href="#" panel-name="suite-Surefire_suite" title="org.OptimaBusTests.uiTests.createBTNTest.ConvertingTest" class="method navigator-link" hash-for-method="createNaPodpisFunctionalDollar">createNaPodpisFunctionalDollar</a> <!-- method navigator-link -->
                      </span>
                      <br/>
                      <span>
                        <img src="failed.png" width="3%"/>
                        <a href="#" panel-name="suite-Surefire_suite" title="org.OptimaBusTests.uiTests.mainPageTests.EmployeesTests" class="method navigator-link" hash-for-method="isEmployeesBtnClickable">isEmployeesBtnClickable</a> <!-- method navigator-link -->
                      </span>
                      <br/>
                      <span>
                        <img src="failed.png" width="3%"/>
                        <a href="#" panel-name="suite-Surefire_suite" title="org.OptimaBusTests.uiTests.CalcTests" class="method navigator-link" hash-for-method="loginWithValidCredentials">loginWithValidCredentials</a> <!-- method navigator-link -->
                      </span>
                      <br/>
                      <span>
                        <img src="failed.png" width="3%"/>
                        <a href="#" panel-name="suite-Surefire_suite" title="org.OptimaBusTests.uiTests.mainPageTests.MainPageTest" class="method navigator-link" hash-for-method="visibilityBellBtn">visibilityBellBtn</a> <!-- method navigator-link -->
                      </span>
                      <br/>
                    </div> <!-- method-list-content failed suite-Surefire_suite -->
                  </li>
                  <li>
                    <span class="method-list-title passed">Passed methods</span>
                    <span class="show-or-hide-methods passed">
                      <a href="#" panel-name="suite-Surefire_suite" class="hide-methods passed suite-Surefire_suite"> (hide)</a> <!-- hide-methods passed suite-Surefire_suite -->
                      <a href="#" panel-name="suite-Surefire_suite" class="show-methods passed suite-Surefire_suite"> (show)</a> <!-- show-methods passed suite-Surefire_suite -->
                    </span>
                    <div class="method-list-content passed suite-Surefire_suite">
                      <span>
                        <img src="passed.png" width="3%"/>
                        <a href="#" panel-name="suite-Surefire_suite" title="org.OptimaBusTests.uiTests.createBTNTest.MBPerevodSomTest" class="method navigator-link" hash-for-method="BIKNaimenovanieTes">BIKNaimenovanieTes</a> <!-- method navigator-link -->
                      </span>
                      <br/>
                      <span>
                        <img src="passed.png" width="3%"/>
                        <a href="#" panel-name="suite-Surefire_suite" title="org.OptimaBusTests.uiTests.mainPageTests.OperationHisTests" class="method navigator-link" hash-for-method="Ispolnennye">Ispolnennye</a> <!-- method navigator-link -->
                      </span>
                      <br/>
                      <span>
                        <img src="passed.png" width="3%"/>
                        <a href="#" panel-name="suite-Surefire_suite" title="org.OptimaBusTests.uiTests.mainPageTests.OperationHisTests" class="method navigator-link" hash-for-method="NaPodpis">NaPodpis</a> <!-- method navigator-link -->
                      </span>
                      <br/>
                      <span>
                        <img src="passed.png" width="3%"/>
                        <a href="#" panel-name="suite-Surefire_suite" title="org.OptimaBusTests.uiTests.mainPageTests.OperationHisTests" class="method navigator-link" hash-for-method="NaRedact">NaRedact</a> <!-- method navigator-link -->
                      </span>
                      <br/>
                      <span>
                        <img src="passed.png" width="3%"/>
                        <a href="#" panel-name="suite-Surefire_suite" title="org.OptimaBusTests.uiTests.mainPageTests.OperationHisTests" class="method navigator-link" hash-for-method="OjidaetOtpr">OjidaetOtpr</a> <!-- method navigator-link -->
                      </span>
                      <br/>
                      <span>
                        <img src="passed.png" width="3%"/>
                        <a href="#" panel-name="suite-Surefire_suite" title="org.OptimaBusTests.uiTests.mainPageTests.OperationHisTests" class="method navigator-link" hash-for-method="OtkazanoBankom">OtkazanoBankom</a> <!-- method navigator-link -->
                      </span>
                      <br/>
                      <span>
                        <img src="passed.png" width="3%"/>
                        <a href="#" panel-name="suite-Surefire_suite" title="org.OptimaBusTests.uiTests.mainPageTests.OperationHisTests" class="method navigator-link" hash-for-method="Otklonennye">Otklonennye</a> <!-- method navigator-link -->
                      </span>
                      <br/>
                      <span>
                        <img src="passed.png" width="3%"/>
                        <a href="#" panel-name="suite-Surefire_suite" title="org.OptimaBusTests.uiTests.mainPageTests.MainPageTest" class="method navigator-link" hash-for-method="checkChosenOneCompany">checkChosenOneCompany</a> <!-- method navigator-link -->
                      </span>
                      <br/>
                      <span>
                        <img src="passed.png" width="3%"/>
                        <a href="#" panel-name="suite-Surefire_suite" title="org.OptimaBusTests.uiTests.createBTNTest.MBPerevodValTest" class="method navigator-link" hash-for-method="checkDocumentNumberTest">checkDocumentNumberTest</a> <!-- method navigator-link -->
                      </span>
                      <br/>
                      <span>
                        <img src="passed.png" width="3%"/>
                        <a href="#" panel-name="suite-Surefire_suite" title="org.OptimaBusTests.uiTests.createBTNTest.MBPerevodValTest" class="method navigator-link" hash-for-method="checkEmptyBIkTest">checkEmptyBIkTest</a> <!-- method navigator-link -->
                      </span>
                      <br/>
                      <span>
                        <img src="passed.png" width="3%"/>
                        <a href="#" panel-name="suite-Surefire_suite" title="org.OptimaBusTests.uiTests.createBTNTest.MBPerevodValTest" class="method navigator-link" hash-for-method="checkEmptyCodeOplaty">checkEmptyCodeOplaty</a> <!-- method navigator-link -->
                      </span>
                      <br/>
                      <span>
                        <img src="passed.png" width="3%"/>
                        <a href="#" panel-name="suite-Surefire_suite" title="org.OptimaBusTests.uiTests.createBTNTest.MBPerevodValTest" class="method navigator-link" hash-for-method="checkEmptyFieldNAzna4enie">checkEmptyFieldNAzna4enie</a> <!-- method navigator-link -->
                      </span>
                      <br/>
                      <span>
                        <img src="passed.png" width="3%"/>
                        <a href="#" panel-name="suite-Surefire_suite" title="org.OptimaBusTests.uiTests.createBTNTest.MBPerevodValTest" class="method navigator-link" hash-for-method="checkEmptyIBANTest">checkEmptyIBANTest</a> <!-- method navigator-link -->
                      </span>
                      <br/>
                      <span>
                        <img src="passed.png" width="3%"/>
                        <a href="#" panel-name="suite-Surefire_suite" title="org.OptimaBusTests.uiTests.createBTNTest.MBPerevodValTest" class="method navigator-link" hash-for-method="checkEmptyNAimenovanieTest">checkEmptyNAimenovanieTest</a> <!-- method navigator-link -->
                      </span>
                      <br/>
                      <span>
                        <img src="passed.png" width="3%"/>
                        <a href="#" panel-name="suite-Surefire_suite" title="org.OptimaBusTests.uiTests.createBTNTest.MBPerevodValTest" class="method navigator-link" hash-for-method="checkEmptySummaPlateja">checkEmptySummaPlateja</a> <!-- method navigator-link -->
                      </span>
                      <br/>
                      <span>
                        <img src="passed.png" width="3%"/>
                        <a href="#" panel-name="suite-Surefire_suite" title="org.OptimaBusTests.uiTests.createBTNTest.MBPerevodValTest" class="method navigator-link" hash-for-method="checkMoreSummaPlateja">checkMoreSummaPlateja</a> <!-- method navigator-link -->
                      </span>
                      <br/>
                      <span>
                        <img src="passed.png" width="3%"/>
                        <a href="#" panel-name="suite-Surefire_suite" title="org.OptimaBusTests.uiTests.createBTNTest.MBPerevodValTest" class="method navigator-link" hash-for-method="checkNaPodpisBTN">checkNaPodpisBTN</a> <!-- method navigator-link -->
                      </span>
                      <br/>
                      <span>
                        <img src="passed.png" width="3%"/>
                        <a href="#" panel-name="suite-Surefire_suite" title="org.OptimaBusTests.uiTests.mainPageTests.OperationHisTests" class="method navigator-link" hash-for-method="checkThe2BTN">checkThe2BTN</a> <!-- method navigator-link -->
                      </span>
                      <br/>
                      <span>
                        <img src="passed.png" width="3%"/>
                        <a href="#" panel-name="suite-Surefire_suite" title="org.OptimaBusTests.uiTests.createBTNTest.MBPerevodValTest" class="method navigator-link" hash-for-method="checkTheFunctionalWithKZ">checkTheFunctionalWithKZ</a> <!-- method navigator-link -->
                      </span>
                      <br/>
                      <span>
                        <img src="passed.png" width="3%"/>
                        <a href="#" panel-name="suite-Surefire_suite" title="org.OptimaBusTests.uiTests.createBTNTest.MBPerevodValTest" class="method navigator-link" hash-for-method="checkWithEmptyCountryFieldTest">checkWithEmptyCountryFieldTest</a> <!-- method navigator-link -->
                      </span>
                      <br/>
                      <span>
                        <img src="passed.png" width="3%"/>
                        <a href="#" panel-name="suite-Surefire_suite" title="org.OptimaBusTests.uiTests.createBTNTest.MBPerevodValTest" class="method navigator-link" hash-for-method="checkWithInvalidSChetSpisanuyaTest">checkWithInvalidSChetSpisanuyaTest</a> <!-- method navigator-link -->
                      </span>
                      <br/>
                      <span>
                        <img src="passed.png" width="3%"/>
                        <a href="#" panel-name="suite-Surefire_suite" title="org.OptimaBusTests.uiTests.createBTNTest.MBPerevodValTest" class="method navigator-link" hash-for-method="checkWithInvalidSchetComissiiTest">checkWithInvalidSchetComissiiTest</a> <!-- method navigator-link -->
                      </span>
                      <br/>
                      <span>
                        <img src="passed.png" width="3%"/>
                        <a href="#" panel-name="suite-Surefire_suite" title="org.OptimaBusTests.uiTests.createBTNTest.ConvertingTest" class="method navigator-link" hash-for-method="clickableNaPodpisBTN">clickableNaPodpisBTN</a> <!-- method navigator-link -->
                      </span>
                      <br/>
                      <span>
                        <img src="passed.png" width="3%"/>
                        <a href="#" panel-name="suite-Surefire_suite" title="org.OptimaBusTests.uiTests.createBTNTest.ConvertingTest" class="method navigator-link" hash-for-method="createNaPodpisFunctionalInvalute">createNaPodpisFunctionalInvalute</a> <!-- method navigator-link -->
                      </span>
                      <br/>
                      <span>
                        <img src="passed.png" width="3%"/>
                        <a href="#" panel-name="suite-Surefire_suite" title="org.OptimaBusTests.uiTests.createBTNTest.ConvertingTest" class="method navigator-link" hash-for-method="createNaPodpisFunctionalSom">createNaPodpisFunctionalSom</a> <!-- method navigator-link -->
                      </span>
                      <br/>
                      <span>
                        <img src="passed.png" width="3%"/>
                        <a href="#" panel-name="suite-Surefire_suite" title="org.OptimaBusTests.uiTests.createBTNTest.ConvertingTest" class="method navigator-link" hash-for-method="createNewCourseFunctionalCheck">createNewCourseFunctionalCheck</a> <!-- method navigator-link -->
                      </span>
                      <br/>
                      <span>
                        <img src="passed.png" width="3%"/>
                        <a href="#" panel-name="suite-Surefire_suite" title="org.OptimaBusTests.uiTests.mainPageTests.MainPageTest" class="method navigator-link" hash-for-method="importCheckBTN">importCheckBTN</a> <!-- method navigator-link -->
                      </span>
                      <br/>
                      <span>
                        <img src="passed.png" width="3%"/>
                        <a href="#" panel-name="suite-Surefire_suite" title="org.OptimaBusTests.uiTests.LoginTests" class="method navigator-link" hash-for-method="loginWithEmptyFields">loginWithEmptyFields</a> <!-- method navigator-link -->
                      </span>
                      <br/>
                      <span>
                        <img src="passed.png" width="3%"/>
                        <a href="#" panel-name="suite-Surefire_suite" title="org.OptimaBusTests.uiTests.LoginTests" class="method navigator-link" hash-for-method="loginWithInvalidID">loginWithInvalidID</a> <!-- method navigator-link -->
                      </span>
                      <br/>
                      <span>
                        <img src="passed.png" width="3%"/>
                        <a href="#" panel-name="suite-Surefire_suite" title="org.OptimaBusTests.uiTests.LoginTests" class="method navigator-link" hash-for-method="loginWithInvalidPassword">loginWithInvalidPassword</a> <!-- method navigator-link -->
                      </span>
                      <br/>
                      <span>
                        <img src="passed.png" width="3%"/>
                        <a href="#" panel-name="suite-Surefire_suite" title="org.OptimaBusTests.uiTests.createBTNTest.IntraBankTest" class="method navigator-link" hash-for-method="minValueInNAznachenie">minValueInNAznachenie</a> <!-- method navigator-link -->
                      </span>
                      <br/>
                      <span>
                        <img src="passed.png" width="3%"/>
                        <a href="#" panel-name="suite-Surefire_suite" title="org.OptimaBusTests.uiTests.createBTNTest.IntraBankTest" class="method navigator-link" hash-for-method="moreThenHaveError">moreThenHaveError</a> <!-- method navigator-link -->
                      </span>
                      <br/>
                      <span>
                        <img src="passed.png" width="3%"/>
                        <a href="#" panel-name="suite-Surefire_suite" title="org.OptimaBusTests.uiTests.createBTNTest.ConvertingTest" class="method navigator-link" hash-for-method="moreThenWeHave">moreThenWeHave</a> <!-- method navigator-link -->
                      </span>
                      <br/>
                      <span>
                        <img src="passed.png" width="3%"/>
                        <a href="#" panel-name="suite-Surefire_suite" title="org.OptimaBusTests.uiTests.createBTNTest.IntraBankTest" class="method navigator-link" hash-for-method="naPodpisBTNCheck">naPodpisBTNCheck</a> <!-- method navigator-link -->
                      </span>
                      <br/>
                      <span>
                        <img src="passed.png" width="3%"/>
                        <a href="#" panel-name="suite-Surefire_suite" title="org.OptimaBusTests.uiTests.createBTNTest.MBPerevodSomTest" class="method navigator-link" hash-for-method="naPodpisBTNcheck">naPodpisBTNcheck</a> <!-- method navigator-link -->
                      </span>
                      <br/>
                      <span>
                        <img src="passed.png" width="3%"/>
                        <a href="#" panel-name="suite-Surefire_suite" title="org.OptimaBusTests.uiTests.createBTNTest.MBPerevodSomTest" class="method navigator-link" hash-for-method="schetSpisaniyaTest">schetSpisaniyaTest</a> <!-- method navigator-link -->
                      </span>
                      <br/>
                      <span>
                        <img src="passed.png" width="3%"/>
                        <a href="#" panel-name="suite-Surefire_suite" title="org.OptimaBusTests.uiTests.createBTNTest.MBPerevodSomTest" class="method navigator-link" hash-for-method="tipOperaciiTest">tipOperaciiTest</a> <!-- method navigator-link -->
                      </span>
                      <br/>
                      <span>
                        <img src="passed.png" width="3%"/>
                        <a href="#" panel-name="suite-Surefire_suite" title="org.OptimaBusTests.uiTests.createBTNTest.IntraBankTest" class="method navigator-link" hash-for-method="tranzitSchetCheck">tranzitSchetCheck</a> <!-- method navigator-link -->
                      </span>
                      <br/>
                      <span>
                        <img src="passed.png" width="3%"/>
                        <a href="#" panel-name="suite-Surefire_suite" title="org.OptimaBusTests.uiTests.createBTNTest.ConvertingTest" class="method navigator-link" hash-for-method="withoutSummaPlatejaTest">withoutSummaPlatejaTest</a> <!-- method navigator-link -->
                      </span>
                      <br/>
                      <span>
                        <img src="passed.png" width="3%"/>
                        <a href="#" panel-name="suite-Surefire_suite" title="org.OptimaBusTests.uiTests.createBTNTest.IntraBankTest" class="method navigator-link" hash-for-method="wrongSchetSpisaniyaError">wrongSchetSpisaniyaError</a> <!-- method navigator-link -->
                      </span>
                      <br/>
                      <span>
                        <img src="passed.png" width="3%"/>
                        <a href="#" panel-name="suite-Surefire_suite" title="org.OptimaBusTests.uiTests.createBTNTest.IntraBankTest" class="method navigator-link" hash-for-method="wrongSchetZachisleniyaError">wrongSchetZachisleniyaError</a> <!-- method navigator-link -->
                      </span>
                      <br/>
                    </div> <!-- method-list-content passed suite-Surefire_suite -->
                  </li>
                </ul>
              </div> <!-- suite-section-content -->
            </div> <!-- result-section -->
          </div> <!-- navigator-suite-content -->
        </div> <!-- rounded-window -->
      </div> <!-- suite -->
    </div> <!-- navigator-root -->
    <div class="wrapper">
      <div class="main-panel-root">
        <div panel-name="suite-Surefire_suite" class="panel Surefire_suite">
          <div class="suite-Surefire_suite-class-failed">
            <div class="main-panel-header rounded-window-top">
              <img src="failed.png"/>
              <span class="class-name">org.OptimaBusTests.uiTests.createBTNTest.MBPerevodValTest</span>
            </div> <!-- main-panel-header rounded-window-top -->
            <div class="main-panel-content rounded-window-bottom">
              <div class="method">
                <div class="method-content">
                  <a name="checkTheFunctionalWithRU">
                  </a> <!-- checkTheFunctionalWithRU -->
                  <span class="method-name">checkTheFunctionalWithRU</span>
                  <div class="stack-trace">java.lang.AssertionError: Comparingnorm expected [Отправляется на подпись] but found [На подписании]
	at org.OptimaBus.UI.helper.CustomAssertions.asserText(CustomAssertions.java:20)
	at org.OptimaBusTests.uiTests.createBTNTest.MBPerevodValTest.checkTheFunctionalWithRU(MBPerevodValTest.java:125)
	at java.base/java.util.ArrayList.forEach(ArrayList.java:1541)
... Removed 37 stack frames
</div> <!-- stack-trace -->
                  <em>
(Проверка на невалидные значения в поле Номер документа)                  </em>
                </div> <!-- method-content -->
              </div> <!-- method -->
            </div> <!-- main-panel-content rounded-window-bottom -->
          </div> <!-- suite-Surefire_suite-class-failed -->
          <div class="suite-Surefire_suite-class-failed">
            <div class="main-panel-header rounded-window-top">
              <img src="failed.png"/>
              <span class="class-name">org.OptimaBusTests.uiTests.CalcTests</span>
            </div> <!-- main-panel-header rounded-window-top -->
            <div class="main-panel-content rounded-window-bottom">
              <div class="method">
                <div class="method-content">
                  <a name="chooseUSD">
                  </a> <!-- chooseUSD -->
                  <span class="method-name">chooseUSD</span>
                  <div class="stack-trace">java.lang.NullPointerException
	at org.OptimaBusTests.uiTests.CalcTests.chooseUSD(CalcTests.java:31)
	at java.base/java.util.ArrayList.forEach(ArrayList.java:1541)
... Removed 32 stack frames
</div> <!-- stack-trace -->
                  <em>
(Change the currency  )                  </em>
                </div> <!-- method-content -->
              </div> <!-- method -->
              <div class="method">
                <div class="method-content">
                  <a name="loginWithValidCredentials">
                  </a> <!-- loginWithValidCredentials -->
                  <span class="method-name">loginWithValidCredentials</span>
                  <div class="stack-trace">java.lang.NullPointerException
	at org.OptimaBusTests.uiTests.CalcTests.loginWithValidCredentials(CalcTests.java:19)
	at java.base/java.util.ArrayList.forEach(ArrayList.java:1541)
... Removed 32 stack frames
</div> <!-- stack-trace -->
                  <em>
(Verify that user can login with valid credentials)                  </em>
                </div> <!-- method-content -->
              </div> <!-- method -->
            </div> <!-- main-panel-content rounded-window-bottom -->
          </div> <!-- suite-Surefire_suite-class-failed -->
          <div class="suite-Surefire_suite-class-failed">
            <div class="main-panel-header rounded-window-top">
              <img src="failed.png"/>
              <span class="class-name">org.OptimaBusTests.uiTests.mainPageTests.OperationHisTests</span>
            </div> <!-- main-panel-header rounded-window-top -->
            <div class="main-panel-content rounded-window-bottom">
              <div class="method">
                <div class="method-content">
                  <a name="MoiChernoviki">
                  </a> <!-- MoiChernoviki -->
                  <span class="method-name">MoiChernoviki</span>
                  <div class="stack-trace">org.openqa.selenium.TimeoutException: Expected condition failed: waiting for visibility of Proxy element for: DefaultElementLocator &apos;By.xpath: (.//button[@class=&apos;q-btn q-btn-item non-selectable no-outline q-btn--flat q-btn--rectangle q-btn--actionable q-focusable q-hoverable q-btn--no-uppercase filter-btn&apos;])[7]&apos; (tried for 6 second(s) with 500 milliseconds interval)
	at org.openqa.selenium.support.ui.WebDriverWait.timeoutException(WebDriverWait.java:84)
	at org.openqa.selenium.support.ui.FluentWait.until(FluentWait.java:230)
	at org.OptimaBus.UI.helper.WebElementActions.waitElementToBeDisplayed(WebElementActions.java:28)
	at org.OptimaBus.UI.helper.WebElementActions.click(WebElementActions.java:67)
	at org.OptimaBus.UI.pages.mainPage.OperationHistory.MoiChernoviki(OperationHistory.java:67)
	at org.OptimaBusTests.uiTests.mainPageTests.OperationHisTests.MoiChernoviki(OperationHisTests.java:53)
	at java.base/java.util.ArrayList.forEach(ArrayList.java:1541)
Caused by: org.openqa.selenium.NoSuchElementException: no such element: Unable to locate element: {&quot;method&quot;:&quot;xpath&quot;,&quot;selector&quot;:&quot;(.//button[@class=&apos;q-btn q-btn-item non-selectable no-outline q-btn--flat q-btn--rectangle q-btn--actionable q-focusable q-hoverable q-btn--no-uppercase filter-btn&apos;])[7]&quot;}
  (Session info: chrome=115.0.5790.110)
For documentation on this error, please visit: https://www.selenium.dev/documentation/webdriver/troubleshooting/errors#no-such-element-exception
Build info: version: &apos;4.10.0&apos;, revision: &apos;c14d967899&apos;
System info: os.name: &apos;Windows 10&apos;, os.arch: &apos;amd64&apos;, os.version: &apos;10.0&apos;, java.version: &apos;11.0.16.1&apos;
Driver info: org.openqa.selenium.chrome.ChromeDriver
Command: [00df6d656a36b92be922960614d25529, findElement {using=xpath, value=(.//button[@class=&apos;q-btn q-btn-item non-selectable no-outline q-btn--flat q-btn--rectangle q-btn--actionable q-focusable q-hoverable q-btn--no-uppercase filter-btn&apos;])[7]}]
Capabilities {acceptInsecureCerts: false, browserName: chrome, browserVersion: 115.0.5790.110, chrome: {chromedriverVersion: 114.0.5735.90 (386bc09e8f4f..., userDataDir: C:\Users\Asus\AppData\Local...}, goog:chromeOptions: {debuggerAddress: localhost:55414}, networkConnectionEnabled: false, pageLoadStrategy: normal, platformName: windows, proxy: Proxy(), se:cdp: ws://localhost:55414/devtoo..., se:cdpVersion: 115.0.5790.110, setWindowRect: true, strictFileInteractability: false, timeouts: {implicit: 0, pageLoad: 300000, script: 30000}, unhandledPromptBehavior: dismiss and notify, webauthn:extension:credBlob: true, webauthn:extension:largeBlob: true, webauthn:extension:minPinLength: true, webauthn:extension:prf: true, webauthn:virtualAuthenticators: true}
Session ID: 00df6d656a36b92be922960614d25529
	at org.openqa.selenium.remote.codec.w3c.W3CHttpResponseCodec.createException(W3CHttpResponseCodec.java:199)
	at org.openqa.selenium.remote.codec.w3c.W3CHttpResponseCodec.decode(W3CHttpResponseCodec.java:132)
	at org.openqa.selenium.remote.codec.w3c.W3CHttpResponseCodec.decode(W3CHttpResponseCodec.java:51)
	at org.openqa.selenium.remote.HttpCommandExecutor.execute(HttpCommandExecutor.java:191)
	at org.openqa.selenium.remote.service.DriverCommandExecutor.invokeExecute(DriverCommandExecutor.java:196)
	at org.openqa.selenium.remote.service.DriverCommandExecutor.execute(DriverCommandExecutor.java:171)
	at org.openqa.selenium.remote.RemoteWebDriver.execute(RemoteWebDriver.java:531)
	at org.openqa.selenium.remote.ElementLocation$ElementFinder$2.findElement(ElementLocation.java:165)
	at org.openqa.selenium.remote.ElementLocation.findElement(ElementLocation.java:59)
	at org.openqa.selenium.remote.RemoteWebDriver.findElement(RemoteWebDriver.java:350)
	at org.openqa.selenium.remote.RemoteWebDriver.findElement(RemoteWebDriver.java:344)
	at org.openqa.selenium.support.pagefactory.DefaultElementLocator.findElement(DefaultElementLocator.java:68)
	at org.openqa.selenium.support.pagefactory.internal.LocatingElementHandler.invoke(LocatingElementHandler.java:38)
	at com.sun.proxy.$Proxy30.isDisplayed(Unknown Source)
	at org.openqa.selenium.support.ui.ExpectedConditions.elementIfVisible(ExpectedConditions.java:304)
	at org.openqa.selenium.support.ui.ExpectedConditions.access$000(ExpectedConditions.java:37)
	at org.openqa.selenium.support.ui.ExpectedConditions$10.apply(ExpectedConditions.java:290)
	at org.openqa.selenium.support.ui.ExpectedConditions$10.apply(ExpectedConditions.java:287)
	at org.openqa.selenium.support.ui.FluentWait.until(FluentWait.java:205)
	... 37 more
... Removed 36 stack frames
</div> <!-- stack-trace -->
                  <em>
(Click to (Мои черновики) BTN)                  </em>
                </div> <!-- method-content -->
              </div> <!-- method -->
            </div> <!-- main-panel-content rounded-window-bottom -->
          </div> <!-- suite-Surefire_suite-class-failed -->
          <div class="suite-Surefire_suite-class-failed">
            <div class="main-panel-header rounded-window-top">
              <img src="failed.png"/>
              <span class="class-name">org.OptimaBusTests.uiTests.LoginTests</span>
            </div> <!-- main-panel-header rounded-window-top -->
            <div class="main-panel-content rounded-window-bottom">
              <div class="method">
                <div class="method-content">
                  <a name="checkHElpBTN">
                  </a> <!-- checkHElpBTN -->
                  <span class="method-name">checkHElpBTN</span>
                  <div class="stack-trace">org.openqa.selenium.StaleElementReferenceException: stale element reference: stale element not found
  (Session info: chrome=115.0.5790.110)
For documentation on this error, please visit: https://www.selenium.dev/documentation/webdriver/troubleshooting/errors#stale-element-reference-exception
Build info: version: &apos;4.10.0&apos;, revision: &apos;c14d967899&apos;
System info: os.name: &apos;Windows 10&apos;, os.arch: &apos;amd64&apos;, os.version: &apos;10.0&apos;, java.version: &apos;11.0.16.1&apos;
Driver info: org.openqa.selenium.chrome.ChromeDriver
Command: [3659f41497be9ab77f5bbad58c6f1018, getElementText {id=9FCAA45D1F277E2184A466B853B8D6EF_element_93}]
Capabilities {acceptInsecureCerts: false, browserName: chrome, browserVersion: 115.0.5790.110, chrome: {chromedriverVersion: 114.0.5735.90 (386bc09e8f4f..., userDataDir: C:\Users\Asus\AppData\Local...}, goog:chromeOptions: {debuggerAddress: localhost:55298}, networkConnectionEnabled: false, pageLoadStrategy: normal, platformName: windows, proxy: Proxy(), se:cdp: ws://localhost:55298/devtoo..., se:cdpVersion: 115.0.5790.110, setWindowRect: true, strictFileInteractability: false, timeouts: {implicit: 0, pageLoad: 300000, script: 30000}, unhandledPromptBehavior: dismiss and notify, webauthn:extension:credBlob: true, webauthn:extension:largeBlob: true, webauthn:extension:minPinLength: true, webauthn:extension:prf: true, webauthn:virtualAuthenticators: true}
Element: [[ChromeDriver: chrome on windows (3659f41497be9ab77f5bbad58c6f1018)] -&gt; xpath: .//div[@class=&apos;user-manual__text&apos;]//span]
Session ID: 3659f41497be9ab77f5bbad58c6f1018
	at org.openqa.selenium.remote.codec.w3c.W3CHttpResponseCodec.createException(W3CHttpResponseCodec.java:199)
	at org.openqa.selenium.remote.codec.w3c.W3CHttpResponseCodec.decode(W3CHttpResponseCodec.java:132)
	at org.openqa.selenium.remote.codec.w3c.W3CHttpResponseCodec.decode(W3CHttpResponseCodec.java:51)
	at org.openqa.selenium.remote.HttpCommandExecutor.execute(HttpCommandExecutor.java:191)
	at org.openqa.selenium.remote.service.DriverCommandExecutor.invokeExecute(DriverCommandExecutor.java:196)
	at org.openqa.selenium.remote.service.DriverCommandExecutor.execute(DriverCommandExecutor.java:171)
	at org.openqa.selenium.remote.RemoteWebDriver.execute(RemoteWebDriver.java:531)
	at org.openqa.selenium.remote.RemoteWebElement.execute(RemoteWebElement.java:242)
	at org.openqa.selenium.remote.RemoteWebElement.getText(RemoteWebElement.java:192)
	at org.openqa.selenium.support.pagefactory.internal.LocatingElementHandler.invoke(LocatingElementHandler.java:51)
	at com.sun.proxy.$Proxy30.getText(Unknown Source)
	at org.OptimaBus.UI.helper.WebElementActions.getTextValue(WebElementActions.java:143)
	at org.OptimaBus.UI.helper.CustomAssertions.asserText(CustomAssertions.java:20)
	at org.OptimaBusTests.uiTests.LoginTests.checkHElpBTN(LoginTests.java:39)
	at java.base/java.util.ArrayList.forEach(ArrayList.java:1541)
... Removed 39 stack frames
</div> <!-- stack-trace -->
                  <em>
(Check help BTN)                  </em>
                </div> <!-- method-content -->
              </div> <!-- method -->
            </div> <!-- main-panel-content rounded-window-bottom -->
          </div> <!-- suite-Surefire_suite-class-failed -->
          <div class="suite-Surefire_suite-class-failed">
            <div class="main-panel-header rounded-window-top">
              <img src="failed.png"/>
              <span class="class-name">org.OptimaBusTests.uiTests.mainPageTests.EmployeesTests</span>
            </div> <!-- main-panel-header rounded-window-top -->
            <div class="main-panel-content rounded-window-bottom">
              <div class="method">
                <div class="method-content">
                  <a name="isEmployeesBtnClickable">
                  </a> <!-- isEmployeesBtnClickable -->
                  <span class="method-name">isEmployeesBtnClickable</span>
                  <div class="stack-trace">org.openqa.selenium.TimeoutException: Expected condition failed: waiting for visibility of Proxy element for: DefaultElementLocator &apos;By.xpath: //a[@href=&apos;/employees&apos;] &apos; (tried for 6 second(s) with 500 milliseconds interval)
	at org.openqa.selenium.support.ui.WebDriverWait.timeoutException(WebDriverWait.java:84)
	at org.openqa.selenium.support.ui.FluentWait.until(FluentWait.java:230)
	at org.OptimaBus.UI.helper.WebElementActions.waitElementToBeDisplayed(WebElementActions.java:28)
	at org.OptimaBus.UI.helper.WebElementActions.click(WebElementActions.java:67)
	at org.OptimaBusTests.uiTests.mainPageTests.EmployeesTests.isEmployeesBtnClickable(EmployeesTests.java:13)
	at java.base/java.util.ArrayList.forEach(ArrayList.java:1541)
Caused by: org.openqa.selenium.NoSuchElementException: no such element: Unable to locate element: {&quot;method&quot;:&quot;xpath&quot;,&quot;selector&quot;:&quot;//a[@href=&apos;/employees&apos;] &quot;}
  (Session info: chrome=115.0.5790.110)
For documentation on this error, please visit: https://www.selenium.dev/documentation/webdriver/troubleshooting/errors#no-such-element-exception
Build info: version: &apos;4.10.0&apos;, revision: &apos;c14d967899&apos;
System info: os.name: &apos;Windows 10&apos;, os.arch: &apos;amd64&apos;, os.version: &apos;10.0&apos;, java.version: &apos;11.0.16.1&apos;
Driver info: org.openqa.selenium.chrome.ChromeDriver
Command: [00c09ade59cc3377faa41a4dd398427e, findElement {using=xpath, value=//a[@href=&apos;/employees&apos;] }]
Capabilities {acceptInsecureCerts: false, browserName: chrome, browserVersion: 115.0.5790.110, chrome: {chromedriverVersion: 114.0.5735.90 (386bc09e8f4f..., userDataDir: C:\Users\Asus\AppData\Local...}, goog:chromeOptions: {debuggerAddress: localhost:55339}, networkConnectionEnabled: false, pageLoadStrategy: normal, platformName: windows, proxy: Proxy(), se:cdp: ws://localhost:55339/devtoo..., se:cdpVersion: 115.0.5790.110, setWindowRect: true, strictFileInteractability: false, timeouts: {implicit: 0, pageLoad: 300000, script: 30000}, unhandledPromptBehavior: dismiss and notify, webauthn:extension:credBlob: true, webauthn:extension:largeBlob: true, webauthn:extension:minPinLength: true, webauthn:extension:prf: true, webauthn:virtualAuthenticators: true}
Session ID: 00c09ade59cc3377faa41a4dd398427e
	at org.openqa.selenium.remote.codec.w3c.W3CHttpResponseCodec.createException(W3CHttpResponseCodec.java:199)
	at org.openqa.selenium.remote.codec.w3c.W3CHttpResponseCodec.decode(W3CHttpResponseCodec.java:132)
	at org.openqa.selenium.remote.codec.w3c.W3CHttpResponseCodec.decode(W3CHttpResponseCodec.java:51)
	at org.openqa.selenium.remote.HttpCommandExecutor.execute(HttpCommandExecutor.java:191)
	at org.openqa.selenium.remote.service.DriverCommandExecutor.invokeExecute(DriverCommandExecutor.java:196)
	at org.openqa.selenium.remote.service.DriverCommandExecutor.execute(DriverCommandExecutor.java:171)
	at org.openqa.selenium.remote.RemoteWebDriver.execute(RemoteWebDriver.java:531)
	at org.openqa.selenium.remote.ElementLocation$ElementFinder$2.findElement(ElementLocation.java:165)
	at org.openqa.selenium.remote.ElementLocation.findElement(ElementLocation.java:59)
	at org.openqa.selenium.remote.RemoteWebDriver.findElement(RemoteWebDriver.java:350)
	at org.openqa.selenium.remote.RemoteWebDriver.findElement(RemoteWebDriver.java:344)
	at org.openqa.selenium.support.pagefactory.DefaultElementLocator.findElement(DefaultElementLocator.java:68)
	at org.openqa.selenium.support.pagefactory.internal.LocatingElementHandler.invoke(LocatingElementHandler.java:38)
	at com.sun.proxy.$Proxy30.isDisplayed(Unknown Source)
	at org.openqa.selenium.support.ui.ExpectedConditions.elementIfVisible(ExpectedConditions.java:304)
	at org.openqa.selenium.support.ui.ExpectedConditions.access$000(ExpectedConditions.java:37)
	at org.openqa.selenium.support.ui.ExpectedConditions$10.apply(ExpectedConditions.java:290)
	at org.openqa.selenium.support.ui.ExpectedConditions$10.apply(ExpectedConditions.java:287)
	at org.openqa.selenium.support.ui.FluentWait.until(FluentWait.java:205)
	... 36 more
... Removed 36 stack frames
</div> <!-- stack-trace -->
                  <em>
(Click to Сотрудники btn  on MainPage)                  </em>
                </div> <!-- method-content -->
              </div> <!-- method -->
            </div> <!-- main-panel-content rounded-window-bottom -->
          </div> <!-- suite-Surefire_suite-class-failed -->
          <div class="suite-Surefire_suite-class-failed">
            <div class="main-panel-header rounded-window-top">
              <img src="failed.png"/>
              <span class="class-name">org.OptimaBusTests.uiTests.mainPageTests.MainPageTest</span>
            </div> <!-- main-panel-header rounded-window-top -->
            <div class="main-panel-content rounded-window-bottom">
              <div class="method">
                <div class="method-content">
                  <a name="checkOtherBTNS">
                  </a> <!-- checkOtherBTNS -->
                  <span class="method-name">checkOtherBTNS</span>
                  <div class="stack-trace">java.lang.NullPointerException
	at org.OptimaBusTests.uiTests.mainPageTests.MainPageTest.checkOtherBTNS(MainPageTest.java:44)
	at java.base/java.util.ArrayList.forEach(ArrayList.java:1541)
... Removed 32 stack frames
</div> <!-- stack-trace -->
                  <em>
(Check other buttons)                  </em>
                </div> <!-- method-content -->
              </div> <!-- method -->
              <div class="method">
                <div class="method-content">
                  <a name="checkTheMPBar">
                  </a> <!-- checkTheMPBar -->
                  <span class="method-name">checkTheMPBar</span>
                  <div class="stack-trace">java.lang.NullPointerException
	at org.OptimaBusTests.uiTests.mainPageTests.MainPageTest.checkTheMPBar(MainPageTest.java:18)
	at java.base/java.util.ArrayList.forEach(ArrayList.java:1541)
... Removed 32 stack frames
</div> <!-- stack-trace -->
                  <em>
(check navigation bar)                  </em>
                </div> <!-- method-content -->
              </div> <!-- method -->
              <div class="method">
                <div class="method-content">
                  <a name="visibilityBellBtn">
                  </a> <!-- visibilityBellBtn -->
                  <span class="method-name">visibilityBellBtn</span>
                  <div class="stack-trace">java.lang.NullPointerException
	at org.OptimaBusTests.uiTests.mainPageTests.MainPageTest.visibilityBellBtn(MainPageTest.java:38)
	at java.base/java.util.ArrayList.forEach(ArrayList.java:1541)
... Removed 32 stack frames
</div> <!-- stack-trace -->
                </div> <!-- method-content -->
              </div> <!-- method -->
            </div> <!-- main-panel-content rounded-window-bottom -->
          </div> <!-- suite-Surefire_suite-class-failed -->
          <div class="suite-Surefire_suite-class-failed">
            <div class="main-panel-header rounded-window-top">
              <img src="failed.png"/>
              <span class="class-name">org.OptimaBusTests.uiTests.OperationHisTests</span>
            </div> <!-- main-panel-header rounded-window-top -->
            <div class="main-panel-content rounded-window-bottom">
              <div class="method">
                <div class="method-content">
                  <a name="Ispolnennye">
                  </a> <!-- Ispolnennye -->
                  <span class="method-name">Ispolnennye</span>
                  <div class="stack-trace">org.openqa.selenium.TimeoutException: Expected condition failed: waiting for visibility of Proxy element for: DefaultElementLocator &apos;By.xpath: (.//button[@class=&apos;q-btn q-btn-item non-selectable no-outline q-btn--flat q-btn--rectangle q-btn--actionable q-focusable q-hoverable q-btn--no-uppercase filter-btn&apos;])[4]&apos; (tried for 6 second(s) with 500 milliseconds interval)
	at org.openqa.selenium.support.ui.WebDriverWait.timeoutException(WebDriverWait.java:84)
	at org.openqa.selenium.support.ui.FluentWait.until(FluentWait.java:230)
	at org.OptimaBus.UI.helper.WebElementActions.waitElementToBeDisplayed(WebElementActions.java:28)
	at org.OptimaBus.UI.helper.WebElementActions.click(WebElementActions.java:67)
	at org.OptimaBus.UI.pages.mainPage.OperationHistory.Ispolnennye(OperationHistory.java:55)
	at org.OptimaBusTests.uiTests.OperationHisTests.Ispolnennye(OperationHisTests.java:27)
	at java.base/java.util.ArrayList.forEach(ArrayList.java:1541)
Caused by: org.openqa.selenium.NoSuchElementException: no such element: Unable to locate element: {&quot;method&quot;:&quot;xpath&quot;,&quot;selector&quot;:&quot;(.//button[@class=&apos;q-btn q-btn-item non-selectable no-outline q-btn--flat q-btn--rectangle q-btn--actionable q-focusable q-hoverable q-btn--no-uppercase filter-btn&apos;])[4]&quot;}
  (Session info: chrome=115.0.5790.110)
For documentation on this error, please visit: https://www.selenium.dev/documentation/webdriver/troubleshooting/errors#no-such-element-exception
Build info: version: &apos;4.10.0&apos;, revision: &apos;c14d967899&apos;
System info: os.name: &apos;Windows 10&apos;, os.arch: &apos;amd64&apos;, os.version: &apos;10.0&apos;, java.version: &apos;11.0.16.1&apos;
Driver info: org.openqa.selenium.chrome.ChromeDriver
Command: [d8b1dd991caf71c71bf3d993593a56d2, findElement {using=xpath, value=(.//button[@class=&apos;q-btn q-btn-item non-selectable no-outline q-btn--flat q-btn--rectangle q-btn--actionable q-focusable q-hoverable q-btn--no-uppercase filter-btn&apos;])[4]}]
Capabilities {acceptInsecureCerts: false, browserName: chrome, browserVersion: 115.0.5790.110, chrome: {chromedriverVersion: 114.0.5735.90 (386bc09e8f4f..., userDataDir: C:\Users\Asus\AppData\Local...}, goog:chromeOptions: {debuggerAddress: localhost:55454}, networkConnectionEnabled: false, pageLoadStrategy: normal, platformName: windows, proxy: Proxy(), se:cdp: ws://localhost:55454/devtoo..., se:cdpVersion: 115.0.5790.110, setWindowRect: true, strictFileInteractability: false, timeouts: {implicit: 0, pageLoad: 300000, script: 30000}, unhandledPromptBehavior: dismiss and notify, webauthn:extension:credBlob: true, webauthn:extension:largeBlob: true, webauthn:extension:minPinLength: true, webauthn:extension:prf: true, webauthn:virtualAuthenticators: true}
Session ID: d8b1dd991caf71c71bf3d993593a56d2
	at org.openqa.selenium.remote.codec.w3c.W3CHttpResponseCodec.createException(W3CHttpResponseCodec.java:199)
	at org.openqa.selenium.remote.codec.w3c.W3CHttpResponseCodec.decode(W3CHttpResponseCodec.java:132)
	at org.openqa.selenium.remote.codec.w3c.W3CHttpResponseCodec.decode(W3CHttpResponseCodec.java:51)
	at org.openqa.selenium.remote.HttpCommandExecutor.execute(HttpCommandExecutor.java:191)
	at org.openqa.selenium.remote.service.DriverCommandExecutor.invokeExecute(DriverCommandExecutor.java:196)
	at org.openqa.selenium.remote.service.DriverCommandExecutor.execute(DriverCommandExecutor.java:171)
	at org.openqa.selenium.remote.RemoteWebDriver.execute(RemoteWebDriver.java:531)
	at org.openqa.selenium.remote.ElementLocation$ElementFinder$2.findElement(ElementLocation.java:165)
	at org.openqa.selenium.remote.ElementLocation.findElement(ElementLocation.java:59)
	at org.openqa.selenium.remote.RemoteWebDriver.findElement(RemoteWebDriver.java:350)
	at org.openqa.selenium.remote.RemoteWebDriver.findElement(RemoteWebDriver.java:344)
	at org.openqa.selenium.support.pagefactory.DefaultElementLocator.findElement(DefaultElementLocator.java:68)
	at org.openqa.selenium.support.pagefactory.internal.LocatingElementHandler.invoke(LocatingElementHandler.java:38)
	at com.sun.proxy.$Proxy30.isDisplayed(Unknown Source)
	at org.openqa.selenium.support.ui.ExpectedConditions.elementIfVisible(ExpectedConditions.java:304)
	at org.openqa.selenium.support.ui.ExpectedConditions.access$000(ExpectedConditions.java:37)
	at org.openqa.selenium.support.ui.ExpectedConditions$10.apply(ExpectedConditions.java:290)
	at org.openqa.selenium.support.ui.ExpectedConditions$10.apply(ExpectedConditions.java:287)
	at org.openqa.selenium.support.ui.FluentWait.until(FluentWait.java:205)
	... 37 more
... Removed 36 stack frames
</div> <!-- stack-trace -->
                  <em>
(Click to (Исполненные) BTN)                  </em>
                </div> <!-- method-content -->
              </div> <!-- method -->
              <div class="method">
                <div class="method-content">
                  <a name="MoiChernoviki">
                  </a> <!-- MoiChernoviki -->
                  <span class="method-name">MoiChernoviki</span>
                  <div class="stack-trace">org.openqa.selenium.TimeoutException: Expected condition failed: waiting for visibility of Proxy element for: DefaultElementLocator &apos;By.xpath: (.//button[@class=&apos;q-btn q-btn-item non-selectable no-outline q-btn--flat q-btn--rectangle q-btn--actionable q-focusable q-hoverable q-btn--no-uppercase filter-btn&apos;])[7]&apos; (tried for 6 second(s) with 500 milliseconds interval)
	at org.openqa.selenium.support.ui.WebDriverWait.timeoutException(WebDriverWait.java:84)
	at org.openqa.selenium.support.ui.FluentWait.until(FluentWait.java:230)
	at org.OptimaBus.UI.helper.WebElementActions.waitElementToBeDisplayed(WebElementActions.java:28)
	at org.OptimaBus.UI.helper.WebElementActions.click(WebElementActions.java:67)
	at org.OptimaBus.UI.pages.mainPage.OperationHistory.MoiChernoviki(OperationHistory.java:67)
	at org.OptimaBusTests.uiTests.OperationHisTests.MoiChernoviki(OperationHisTests.java:39)
	at java.base/java.util.ArrayList.forEach(ArrayList.java:1541)
Caused by: org.openqa.selenium.NoSuchElementException: no such element: Unable to locate element: {&quot;method&quot;:&quot;xpath&quot;,&quot;selector&quot;:&quot;(.//button[@class=&apos;q-btn q-btn-item non-selectable no-outline q-btn--flat q-btn--rectangle q-btn--actionable q-focusable q-hoverable q-btn--no-uppercase filter-btn&apos;])[7]&quot;}
  (Session info: chrome=115.0.5790.110)
For documentation on this error, please visit: https://www.selenium.dev/documentation/webdriver/troubleshooting/errors#no-such-element-exception
Build info: version: &apos;4.10.0&apos;, revision: &apos;c14d967899&apos;
System info: os.name: &apos;Windows 10&apos;, os.arch: &apos;amd64&apos;, os.version: &apos;10.0&apos;, java.version: &apos;11.0.16.1&apos;
Driver info: org.openqa.selenium.chrome.ChromeDriver
Command: [d8b1dd991caf71c71bf3d993593a56d2, findElement {using=xpath, value=(.//button[@class=&apos;q-btn q-btn-item non-selectable no-outline q-btn--flat q-btn--rectangle q-btn--actionable q-focusable q-hoverable q-btn--no-uppercase filter-btn&apos;])[7]}]
Capabilities {acceptInsecureCerts: false, browserName: chrome, browserVersion: 115.0.5790.110, chrome: {chromedriverVersion: 114.0.5735.90 (386bc09e8f4f..., userDataDir: C:\Users\Asus\AppData\Local...}, goog:chromeOptions: {debuggerAddress: localhost:55454}, networkConnectionEnabled: false, pageLoadStrategy: normal, platformName: windows, proxy: Proxy(), se:cdp: ws://localhost:55454/devtoo..., se:cdpVersion: 115.0.5790.110, setWindowRect: true, strictFileInteractability: false, timeouts: {implicit: 0, pageLoad: 300000, script: 30000}, unhandledPromptBehavior: dismiss and notify, webauthn:extension:credBlob: true, webauthn:extension:largeBlob: true, webauthn:extension:minPinLength: true, webauthn:extension:prf: true, webauthn:virtualAuthenticators: true}
Session ID: d8b1dd991caf71c71bf3d993593a56d2
	at org.openqa.selenium.remote.codec.w3c.W3CHttpResponseCodec.createException(W3CHttpResponseCodec.java:199)
	at org.openqa.selenium.remote.codec.w3c.W3CHttpResponseCodec.decode(W3CHttpResponseCodec.java:132)
	at org.openqa.selenium.remote.codec.w3c.W3CHttpResponseCodec.decode(W3CHttpResponseCodec.java:51)
	at org.openqa.selenium.remote.HttpCommandExecutor.execute(HttpCommandExecutor.java:191)
	at org.openqa.selenium.remote.service.DriverCommandExecutor.invokeExecute(DriverCommandExecutor.java:196)
	at org.openqa.selenium.remote.service.DriverCommandExecutor.execute(DriverCommandExecutor.java:171)
	at org.openqa.selenium.remote.RemoteWebDriver.execute(RemoteWebDriver.java:531)
	at org.openqa.selenium.remote.ElementLocation$ElementFinder$2.findElement(ElementLocation.java:165)
	at org.openqa.selenium.remote.ElementLocation.findElement(ElementLocation.java:59)
	at org.openqa.selenium.remote.RemoteWebDriver.findElement(RemoteWebDriver.java:350)
	at org.openqa.selenium.remote.RemoteWebDriver.findElement(RemoteWebDriver.java:344)
	at org.openqa.selenium.support.pagefactory.DefaultElementLocator.findElement(DefaultElementLocator.java:68)
	at org.openqa.selenium.support.pagefactory.internal.LocatingElementHandler.invoke(LocatingElementHandler.java:38)
	at com.sun.proxy.$Proxy30.isDisplayed(Unknown Source)
	at org.openqa.selenium.support.ui.ExpectedConditions.elementIfVisible(ExpectedConditions.java:304)
	at org.openqa.selenium.support.ui.ExpectedConditions.access$000(ExpectedConditions.java:37)
	at org.openqa.selenium.support.ui.ExpectedConditions$10.apply(ExpectedConditions.java:290)
	at org.openqa.selenium.support.ui.ExpectedConditions$10.apply(ExpectedConditions.java:287)
	at org.openqa.selenium.support.ui.FluentWait.until(FluentWait.java:205)
	... 37 more
... Removed 35 stack frames
</div> <!-- stack-trace -->
                  <em>
(Click to (Мои черновики) BTN)                  </em>
                </div> <!-- method-content -->
              </div> <!-- method -->
              <div class="method">
                <div class="method-content">
                  <a name="NaPodpis">
                  </a> <!-- NaPodpis -->
                  <span class="method-name">NaPodpis</span>
                  <div class="stack-trace">org.openqa.selenium.TimeoutException: Expected condition failed: waiting for visibility of Proxy element for: DefaultElementLocator &apos;By.xpath: (.//button[@class=&apos;q-btn q-btn-item non-selectable no-outline q-btn--flat q-btn--rectangle q-btn--actionable q-focusable q-hoverable q-btn--no-uppercase filter-btn&apos;])[1]&apos; (tried for 6 second(s) with 500 milliseconds interval)
	at org.openqa.selenium.support.ui.WebDriverWait.timeoutException(WebDriverWait.java:84)
	at org.openqa.selenium.support.ui.FluentWait.until(FluentWait.java:230)
	at org.OptimaBus.UI.helper.WebElementActions.waitElementToBeDisplayed(WebElementActions.java:28)
	at org.OptimaBus.UI.helper.WebElementActions.click(WebElementActions.java:67)
	at org.OptimaBus.UI.pages.mainPage.OperationHistory.NaPodpis(OperationHistory.java:43)
	at org.OptimaBusTests.uiTests.OperationHisTests.NaPodpis(OperationHisTests.java:14)
	at java.base/java.util.ArrayList.forEach(ArrayList.java:1541)
Caused by: org.openqa.selenium.NoSuchElementException: no such element: Unable to locate element: {&quot;method&quot;:&quot;xpath&quot;,&quot;selector&quot;:&quot;(.//button[@class=&apos;q-btn q-btn-item non-selectable no-outline q-btn--flat q-btn--rectangle q-btn--actionable q-focusable q-hoverable q-btn--no-uppercase filter-btn&apos;])[1]&quot;}
  (Session info: chrome=115.0.5790.110)
For documentation on this error, please visit: https://www.selenium.dev/documentation/webdriver/troubleshooting/errors#no-such-element-exception
Build info: version: &apos;4.10.0&apos;, revision: &apos;c14d967899&apos;
System info: os.name: &apos;Windows 10&apos;, os.arch: &apos;amd64&apos;, os.version: &apos;10.0&apos;, java.version: &apos;11.0.16.1&apos;
Driver info: org.openqa.selenium.chrome.ChromeDriver
Command: [d8b1dd991caf71c71bf3d993593a56d2, findElement {using=xpath, value=(.//button[@class=&apos;q-btn q-btn-item non-selectable no-outline q-btn--flat q-btn--rectangle q-btn--actionable q-focusable q-hoverable q-btn--no-uppercase filter-btn&apos;])[1]}]
Capabilities {acceptInsecureCerts: false, browserName: chrome, browserVersion: 115.0.5790.110, chrome: {chromedriverVersion: 114.0.5735.90 (386bc09e8f4f..., userDataDir: C:\Users\Asus\AppData\Local...}, goog:chromeOptions: {debuggerAddress: localhost:55454}, networkConnectionEnabled: false, pageLoadStrategy: normal, platformName: windows, proxy: Proxy(), se:cdp: ws://localhost:55454/devtoo..., se:cdpVersion: 115.0.5790.110, setWindowRect: true, strictFileInteractability: false, timeouts: {implicit: 0, pageLoad: 300000, script: 30000}, unhandledPromptBehavior: dismiss and notify, webauthn:extension:credBlob: true, webauthn:extension:largeBlob: true, webauthn:extension:minPinLength: true, webauthn:extension:prf: true, webauthn:virtualAuthenticators: true}
Session ID: d8b1dd991caf71c71bf3d993593a56d2
	at org.openqa.selenium.remote.codec.w3c.W3CHttpResponseCodec.createException(W3CHttpResponseCodec.java:199)
	at org.openqa.selenium.remote.codec.w3c.W3CHttpResponseCodec.decode(W3CHttpResponseCodec.java:132)
	at org.openqa.selenium.remote.codec.w3c.W3CHttpResponseCodec.decode(W3CHttpResponseCodec.java:51)
	at org.openqa.selenium.remote.HttpCommandExecutor.execute(HttpCommandExecutor.java:191)
	at org.openqa.selenium.remote.service.DriverCommandExecutor.invokeExecute(DriverCommandExecutor.java:196)
	at org.openqa.selenium.remote.service.DriverCommandExecutor.execute(DriverCommandExecutor.java:171)
	at org.openqa.selenium.remote.RemoteWebDriver.execute(RemoteWebDriver.java:531)
	at org.openqa.selenium.remote.ElementLocation$ElementFinder$2.findElement(ElementLocation.java:165)
	at org.openqa.selenium.remote.ElementLocation.findElement(ElementLocation.java:59)
	at org.openqa.selenium.remote.RemoteWebDriver.findElement(RemoteWebDriver.java:350)
	at org.openqa.selenium.remote.RemoteWebDriver.findElement(RemoteWebDriver.java:344)
	at org.openqa.selenium.support.pagefactory.DefaultElementLocator.findElement(DefaultElementLocator.java:68)
	at org.openqa.selenium.support.pagefactory.internal.LocatingElementHandler.invoke(LocatingElementHandler.java:38)
	at com.sun.proxy.$Proxy30.isDisplayed(Unknown Source)
	at org.openqa.selenium.support.ui.ExpectedConditions.elementIfVisible(ExpectedConditions.java:304)
	at org.openqa.selenium.support.ui.ExpectedConditions.access$000(ExpectedConditions.java:37)
	at org.openqa.selenium.support.ui.ExpectedConditions$10.apply(ExpectedConditions.java:290)
	at org.openqa.selenium.support.ui.ExpectedConditions$10.apply(ExpectedConditions.java:287)
	at org.openqa.selenium.support.ui.FluentWait.until(FluentWait.java:205)
	... 37 more
... Removed 36 stack frames
</div> <!-- stack-trace -->
                  <em>
(Click to (На Подпись) BTN)                  </em>
                </div> <!-- method-content -->
              </div> <!-- method -->
              <div class="method">
                <div class="method-content">
                  <a name="NaRedact">
                  </a> <!-- NaRedact -->
                  <span class="method-name">NaRedact</span>
                  <div class="stack-trace">org.openqa.selenium.TimeoutException: Expected condition failed: waiting for visibility of Proxy element for: DefaultElementLocator &apos;By.xpath: (.//button[@class=&apos;q-btn q-btn-item non-selectable no-outline q-btn--flat q-btn--rectangle q-btn--actionable q-focusable q-hoverable q-btn--no-uppercase filter-btn&apos;])[3]&apos; (tried for 6 second(s) with 500 milliseconds interval)
	at org.openqa.selenium.support.ui.WebDriverWait.timeoutException(WebDriverWait.java:84)
	at org.openqa.selenium.support.ui.FluentWait.until(FluentWait.java:230)
	at org.OptimaBus.UI.helper.WebElementActions.waitElementToBeDisplayed(WebElementActions.java:28)
	at org.OptimaBus.UI.helper.WebElementActions.click(WebElementActions.java:67)
	at org.OptimaBus.UI.pages.mainPage.OperationHistory.NaRedactirov(OperationHistory.java:51)
	at org.OptimaBusTests.uiTests.OperationHisTests.NaRedact(OperationHisTests.java:23)
	at java.base/java.util.ArrayList.forEach(ArrayList.java:1541)
Caused by: org.openqa.selenium.NoSuchElementException: no such element: Unable to locate element: {&quot;method&quot;:&quot;xpath&quot;,&quot;selector&quot;:&quot;(.//button[@class=&apos;q-btn q-btn-item non-selectable no-outline q-btn--flat q-btn--rectangle q-btn--actionable q-focusable q-hoverable q-btn--no-uppercase filter-btn&apos;])[3]&quot;}
  (Session info: chrome=115.0.5790.110)
For documentation on this error, please visit: https://www.selenium.dev/documentation/webdriver/troubleshooting/errors#no-such-element-exception
Build info: version: &apos;4.10.0&apos;, revision: &apos;c14d967899&apos;
System info: os.name: &apos;Windows 10&apos;, os.arch: &apos;amd64&apos;, os.version: &apos;10.0&apos;, java.version: &apos;11.0.16.1&apos;
Driver info: org.openqa.selenium.chrome.ChromeDriver
Command: [d8b1dd991caf71c71bf3d993593a56d2, findElement {using=xpath, value=(.//button[@class=&apos;q-btn q-btn-item non-selectable no-outline q-btn--flat q-btn--rectangle q-btn--actionable q-focusable q-hoverable q-btn--no-uppercase filter-btn&apos;])[3]}]
Capabilities {acceptInsecureCerts: false, browserName: chrome, browserVersion: 115.0.5790.110, chrome: {chromedriverVersion: 114.0.5735.90 (386bc09e8f4f..., userDataDir: C:\Users\Asus\AppData\Local...}, goog:chromeOptions: {debuggerAddress: localhost:55454}, networkConnectionEnabled: false, pageLoadStrategy: normal, platformName: windows, proxy: Proxy(), se:cdp: ws://localhost:55454/devtoo..., se:cdpVersion: 115.0.5790.110, setWindowRect: true, strictFileInteractability: false, timeouts: {implicit: 0, pageLoad: 300000, script: 30000}, unhandledPromptBehavior: dismiss and notify, webauthn:extension:credBlob: true, webauthn:extension:largeBlob: true, webauthn:extension:minPinLength: true, webauthn:extension:prf: true, webauthn:virtualAuthenticators: true}
Session ID: d8b1dd991caf71c71bf3d993593a56d2
	at org.openqa.selenium.remote.codec.w3c.W3CHttpResponseCodec.createException(W3CHttpResponseCodec.java:199)
	at org.openqa.selenium.remote.codec.w3c.W3CHttpResponseCodec.decode(W3CHttpResponseCodec.java:132)
	at org.openqa.selenium.remote.codec.w3c.W3CHttpResponseCodec.decode(W3CHttpResponseCodec.java:51)
	at org.openqa.selenium.remote.HttpCommandExecutor.execute(HttpCommandExecutor.java:191)
	at org.openqa.selenium.remote.service.DriverCommandExecutor.invokeExecute(DriverCommandExecutor.java:196)
	at org.openqa.selenium.remote.service.DriverCommandExecutor.execute(DriverCommandExecutor.java:171)
	at org.openqa.selenium.remote.RemoteWebDriver.execute(RemoteWebDriver.java:531)
	at org.openqa.selenium.remote.ElementLocation$ElementFinder$2.findElement(ElementLocation.java:165)
	at org.openqa.selenium.remote.ElementLocation.findElement(ElementLocation.java:59)
	at org.openqa.selenium.remote.RemoteWebDriver.findElement(RemoteWebDriver.java:350)
	at org.openqa.selenium.remote.RemoteWebDriver.findElement(RemoteWebDriver.java:344)
	at org.openqa.selenium.support.pagefactory.DefaultElementLocator.findElement(DefaultElementLocator.java:68)
	at org.openqa.selenium.support.pagefactory.internal.LocatingElementHandler.invoke(LocatingElementHandler.java:38)
	at com.sun.proxy.$Proxy30.isDisplayed(Unknown Source)
	at org.openqa.selenium.support.ui.ExpectedConditions.elementIfVisible(ExpectedConditions.java:304)
	at org.openqa.selenium.support.ui.ExpectedConditions.access$000(ExpectedConditions.java:37)
	at org.openqa.selenium.support.ui.ExpectedConditions$10.apply(ExpectedConditions.java:290)
	at org.openqa.selenium.support.ui.ExpectedConditions$10.apply(ExpectedConditions.java:287)
	at org.openqa.selenium.support.ui.FluentWait.until(FluentWait.java:205)
	... 37 more
... Removed 36 stack frames
</div> <!-- stack-trace -->
                  <em>
(Click to (На редактирование) BTN)                  </em>
                </div> <!-- method-content -->
              </div> <!-- method -->
              <div class="method">
                <div class="method-content">
                  <a name="OjidaetOtpr">
                  </a> <!-- OjidaetOtpr -->
                  <span class="method-name">OjidaetOtpr</span>
                  <div class="stack-trace">org.openqa.selenium.TimeoutException: Expected condition failed: waiting for visibility of Proxy element for: DefaultElementLocator &apos;By.xpath: (.//button[@class=&apos;q-btn q-btn-item non-selectable no-outline q-btn--flat q-btn--rectangle q-btn--actionable q-focusable q-hoverable q-btn--no-uppercase filter-btn&apos;])[2]&apos; (tried for 6 second(s) with 500 milliseconds interval)
	at org.openqa.selenium.support.ui.WebDriverWait.timeoutException(WebDriverWait.java:84)
	at org.openqa.selenium.support.ui.FluentWait.until(FluentWait.java:230)
	at org.OptimaBus.UI.helper.WebElementActions.waitElementToBeDisplayed(WebElementActions.java:28)
	at org.OptimaBus.UI.helper.WebElementActions.click(WebElementActions.java:67)
	at org.OptimaBus.UI.pages.mainPage.OperationHistory.OjidaetOtpravki(OperationHistory.java:47)
	at org.OptimaBusTests.uiTests.OperationHisTests.OjidaetOtpr(OperationHisTests.java:19)
	at java.base/java.util.ArrayList.forEach(ArrayList.java:1541)
Caused by: org.openqa.selenium.NoSuchElementException: no such element: Unable to locate element: {&quot;method&quot;:&quot;xpath&quot;,&quot;selector&quot;:&quot;(.//button[@class=&apos;q-btn q-btn-item non-selectable no-outline q-btn--flat q-btn--rectangle q-btn--actionable q-focusable q-hoverable q-btn--no-uppercase filter-btn&apos;])[2]&quot;}
  (Session info: chrome=115.0.5790.110)
For documentation on this error, please visit: https://www.selenium.dev/documentation/webdriver/troubleshooting/errors#no-such-element-exception
Build info: version: &apos;4.10.0&apos;, revision: &apos;c14d967899&apos;
System info: os.name: &apos;Windows 10&apos;, os.arch: &apos;amd64&apos;, os.version: &apos;10.0&apos;, java.version: &apos;11.0.16.1&apos;
Driver info: org.openqa.selenium.chrome.ChromeDriver
Command: [d8b1dd991caf71c71bf3d993593a56d2, findElement {using=xpath, value=(.//button[@class=&apos;q-btn q-btn-item non-selectable no-outline q-btn--flat q-btn--rectangle q-btn--actionable q-focusable q-hoverable q-btn--no-uppercase filter-btn&apos;])[2]}]
Capabilities {acceptInsecureCerts: false, browserName: chrome, browserVersion: 115.0.5790.110, chrome: {chromedriverVersion: 114.0.5735.90 (386bc09e8f4f..., userDataDir: C:\Users\Asus\AppData\Local...}, goog:chromeOptions: {debuggerAddress: localhost:55454}, networkConnectionEnabled: false, pageLoadStrategy: normal, platformName: windows, proxy: Proxy(), se:cdp: ws://localhost:55454/devtoo..., se:cdpVersion: 115.0.5790.110, setWindowRect: true, strictFileInteractability: false, timeouts: {implicit: 0, pageLoad: 300000, script: 30000}, unhandledPromptBehavior: dismiss and notify, webauthn:extension:credBlob: true, webauthn:extension:largeBlob: true, webauthn:extension:minPinLength: true, webauthn:extension:prf: true, webauthn:virtualAuthenticators: true}
Session ID: d8b1dd991caf71c71bf3d993593a56d2
	at org.openqa.selenium.remote.codec.w3c.W3CHttpResponseCodec.createException(W3CHttpResponseCodec.java:199)
	at org.openqa.selenium.remote.codec.w3c.W3CHttpResponseCodec.decode(W3CHttpResponseCodec.java:132)
	at org.openqa.selenium.remote.codec.w3c.W3CHttpResponseCodec.decode(W3CHttpResponseCodec.java:51)
	at org.openqa.selenium.remote.HttpCommandExecutor.execute(HttpCommandExecutor.java:191)
	at org.openqa.selenium.remote.service.DriverCommandExecutor.invokeExecute(DriverCommandExecutor.java:196)
	at org.openqa.selenium.remote.service.DriverCommandExecutor.execute(DriverCommandExecutor.java:171)
	at org.openqa.selenium.remote.RemoteWebDriver.execute(RemoteWebDriver.java:531)
	at org.openqa.selenium.remote.ElementLocation$ElementFinder$2.findElement(ElementLocation.java:165)
	at org.openqa.selenium.remote.ElementLocation.findElement(ElementLocation.java:59)
	at org.openqa.selenium.remote.RemoteWebDriver.findElement(RemoteWebDriver.java:350)
	at org.openqa.selenium.remote.RemoteWebDriver.findElement(RemoteWebDriver.java:344)
	at org.openqa.selenium.support.pagefactory.DefaultElementLocator.findElement(DefaultElementLocator.java:68)
	at org.openqa.selenium.support.pagefactory.internal.LocatingElementHandler.invoke(LocatingElementHandler.java:38)
	at com.sun.proxy.$Proxy30.isDisplayed(Unknown Source)
	at org.openqa.selenium.support.ui.ExpectedConditions.elementIfVisible(ExpectedConditions.java:304)
	at org.openqa.selenium.support.ui.ExpectedConditions.access$000(ExpectedConditions.java:37)
	at org.openqa.selenium.support.ui.ExpectedConditions$10.apply(ExpectedConditions.java:290)
	at org.openqa.selenium.support.ui.ExpectedConditions$10.apply(ExpectedConditions.java:287)
	at org.openqa.selenium.support.ui.FluentWait.until(FluentWait.java:205)
	... 37 more
... Removed 36 stack frames
</div> <!-- stack-trace -->
                  <em>
(Click to (Ожидает подписи) BTN)                  </em>
                </div> <!-- method-content -->
              </div> <!-- method -->
              <div class="method">
                <div class="method-content">
                  <a name="OtkazanoBankom">
                  </a> <!-- OtkazanoBankom -->
                  <span class="method-name">OtkazanoBankom</span>
                  <div class="stack-trace">org.openqa.selenium.TimeoutException: Expected condition failed: waiting for visibility of Proxy element for: DefaultElementLocator &apos;By.xpath: (.//button[@class=&apos;q-btn q-btn-item non-selectable no-outline q-btn--flat q-btn--rectangle q-btn--actionable q-focusable q-hoverable q-btn--no-uppercase filter-btn&apos;])[6]&apos; (tried for 6 second(s) with 500 milliseconds interval)
	at org.openqa.selenium.support.ui.WebDriverWait.timeoutException(WebDriverWait.java:84)
	at org.openqa.selenium.support.ui.FluentWait.until(FluentWait.java:230)
	at org.OptimaBus.UI.helper.WebElementActions.waitElementToBeDisplayed(WebElementActions.java:28)
	at org.OptimaBus.UI.helper.WebElementActions.click(WebElementActions.java:67)
	at org.OptimaBus.UI.pages.mainPage.OperationHistory.OtkazanoBankom(OperationHistory.java:63)
	at org.OptimaBusTests.uiTests.OperationHisTests.OtkazanoBankom(OperationHisTests.java:35)
	at java.base/java.util.ArrayList.forEach(ArrayList.java:1541)
Caused by: org.openqa.selenium.NoSuchElementException: no such element: Unable to locate element: {&quot;method&quot;:&quot;xpath&quot;,&quot;selector&quot;:&quot;(.//button[@class=&apos;q-btn q-btn-item non-selectable no-outline q-btn--flat q-btn--rectangle q-btn--actionable q-focusable q-hoverable q-btn--no-uppercase filter-btn&apos;])[6]&quot;}
  (Session info: chrome=115.0.5790.110)
For documentation on this error, please visit: https://www.selenium.dev/documentation/webdriver/troubleshooting/errors#no-such-element-exception
Build info: version: &apos;4.10.0&apos;, revision: &apos;c14d967899&apos;
System info: os.name: &apos;Windows 10&apos;, os.arch: &apos;amd64&apos;, os.version: &apos;10.0&apos;, java.version: &apos;11.0.16.1&apos;
Driver info: org.openqa.selenium.chrome.ChromeDriver
Command: [d8b1dd991caf71c71bf3d993593a56d2, findElement {using=xpath, value=(.//button[@class=&apos;q-btn q-btn-item non-selectable no-outline q-btn--flat q-btn--rectangle q-btn--actionable q-focusable q-hoverable q-btn--no-uppercase filter-btn&apos;])[6]}]
Capabilities {acceptInsecureCerts: false, browserName: chrome, browserVersion: 115.0.5790.110, chrome: {chromedriverVersion: 114.0.5735.90 (386bc09e8f4f..., userDataDir: C:\Users\Asus\AppData\Local...}, goog:chromeOptions: {debuggerAddress: localhost:55454}, networkConnectionEnabled: false, pageLoadStrategy: normal, platformName: windows, proxy: Proxy(), se:cdp: ws://localhost:55454/devtoo..., se:cdpVersion: 115.0.5790.110, setWindowRect: true, strictFileInteractability: false, timeouts: {implicit: 0, pageLoad: 300000, script: 30000}, unhandledPromptBehavior: dismiss and notify, webauthn:extension:credBlob: true, webauthn:extension:largeBlob: true, webauthn:extension:minPinLength: true, webauthn:extension:prf: true, webauthn:virtualAuthenticators: true}
Session ID: d8b1dd991caf71c71bf3d993593a56d2
	at org.openqa.selenium.remote.codec.w3c.W3CHttpResponseCodec.createException(W3CHttpResponseCodec.java:199)
	at org.openqa.selenium.remote.codec.w3c.W3CHttpResponseCodec.decode(W3CHttpResponseCodec.java:132)
	at org.openqa.selenium.remote.codec.w3c.W3CHttpResponseCodec.decode(W3CHttpResponseCodec.java:51)
	at org.openqa.selenium.remote.HttpCommandExecutor.execute(HttpCommandExecutor.java:191)
	at org.openqa.selenium.remote.service.DriverCommandExecutor.invokeExecute(DriverCommandExecutor.java:196)
	at org.openqa.selenium.remote.service.DriverCommandExecutor.execute(DriverCommandExecutor.java:171)
	at org.openqa.selenium.remote.RemoteWebDriver.execute(RemoteWebDriver.java:531)
	at org.openqa.selenium.remote.ElementLocation$ElementFinder$2.findElement(ElementLocation.java:165)
	at org.openqa.selenium.remote.ElementLocation.findElement(ElementLocation.java:59)
	at org.openqa.selenium.remote.RemoteWebDriver.findElement(RemoteWebDriver.java:350)
	at org.openqa.selenium.remote.RemoteWebDriver.findElement(RemoteWebDriver.java:344)
	at org.openqa.selenium.support.pagefactory.DefaultElementLocator.findElement(DefaultElementLocator.java:68)
	at org.openqa.selenium.support.pagefactory.internal.LocatingElementHandler.invoke(LocatingElementHandler.java:38)
	at com.sun.proxy.$Proxy30.isDisplayed(Unknown Source)
	at org.openqa.selenium.support.ui.ExpectedConditions.elementIfVisible(ExpectedConditions.java:304)
	at org.openqa.selenium.support.ui.ExpectedConditions.access$000(ExpectedConditions.java:37)
	at org.openqa.selenium.support.ui.ExpectedConditions$10.apply(ExpectedConditions.java:290)
	at org.openqa.selenium.support.ui.ExpectedConditions$10.apply(ExpectedConditions.java:287)
	at org.openqa.selenium.support.ui.FluentWait.until(FluentWait.java:205)
	... 37 more
... Removed 35 stack frames
</div> <!-- stack-trace -->
                  <em>
(Click to (Отказано Банком) BTN)                  </em>
                </div> <!-- method-content -->
              </div> <!-- method -->
              <div class="method">
                <div class="method-content">
                  <a name="Otklonennye">
                  </a> <!-- Otklonennye -->
                  <span class="method-name">Otklonennye</span>
                  <div class="stack-trace">org.openqa.selenium.TimeoutException: Expected condition failed: waiting for visibility of Proxy element for: DefaultElementLocator &apos;By.xpath: (.//button[@class=&apos;q-btn q-btn-item non-selectable no-outline q-btn--flat q-btn--rectangle q-btn--actionable q-focusable q-hoverable q-btn--no-uppercase filter-btn&apos;])[5]&apos; (tried for 6 second(s) with 500 milliseconds interval)
	at org.openqa.selenium.support.ui.WebDriverWait.timeoutException(WebDriverWait.java:84)
	at org.openqa.selenium.support.ui.FluentWait.until(FluentWait.java:230)
	at org.OptimaBus.UI.helper.WebElementActions.waitElementToBeDisplayed(WebElementActions.java:28)
	at org.OptimaBus.UI.helper.WebElementActions.click(WebElementActions.java:67)
	at org.OptimaBus.UI.pages.mainPage.OperationHistory.Otklonennye(OperationHistory.java:59)
	at org.OptimaBusTests.uiTests.OperationHisTests.Otklonennye(OperationHisTests.java:31)
	at java.base/java.util.ArrayList.forEach(ArrayList.java:1541)
Caused by: org.openqa.selenium.NoSuchElementException: no such element: Unable to locate element: {&quot;method&quot;:&quot;xpath&quot;,&quot;selector&quot;:&quot;(.//button[@class=&apos;q-btn q-btn-item non-selectable no-outline q-btn--flat q-btn--rectangle q-btn--actionable q-focusable q-hoverable q-btn--no-uppercase filter-btn&apos;])[5]&quot;}
  (Session info: chrome=115.0.5790.110)
For documentation on this error, please visit: https://www.selenium.dev/documentation/webdriver/troubleshooting/errors#no-such-element-exception
Build info: version: &apos;4.10.0&apos;, revision: &apos;c14d967899&apos;
System info: os.name: &apos;Windows 10&apos;, os.arch: &apos;amd64&apos;, os.version: &apos;10.0&apos;, java.version: &apos;11.0.16.1&apos;
Driver info: org.openqa.selenium.chrome.ChromeDriver
Command: [d8b1dd991caf71c71bf3d993593a56d2, findElement {using=xpath, value=(.//button[@class=&apos;q-btn q-btn-item non-selectable no-outline q-btn--flat q-btn--rectangle q-btn--actionable q-focusable q-hoverable q-btn--no-uppercase filter-btn&apos;])[5]}]
Capabilities {acceptInsecureCerts: false, browserName: chrome, browserVersion: 115.0.5790.110, chrome: {chromedriverVersion: 114.0.5735.90 (386bc09e8f4f..., userDataDir: C:\Users\Asus\AppData\Local...}, goog:chromeOptions: {debuggerAddress: localhost:55454}, networkConnectionEnabled: false, pageLoadStrategy: normal, platformName: windows, proxy: Proxy(), se:cdp: ws://localhost:55454/devtoo..., se:cdpVersion: 115.0.5790.110, setWindowRect: true, strictFileInteractability: false, timeouts: {implicit: 0, pageLoad: 300000, script: 30000}, unhandledPromptBehavior: dismiss and notify, webauthn:extension:credBlob: true, webauthn:extension:largeBlob: true, webauthn:extension:minPinLength: true, webauthn:extension:prf: true, webauthn:virtualAuthenticators: true}
Session ID: d8b1dd991caf71c71bf3d993593a56d2
	at org.openqa.selenium.remote.codec.w3c.W3CHttpResponseCodec.createException(W3CHttpResponseCodec.java:199)
	at org.openqa.selenium.remote.codec.w3c.W3CHttpResponseCodec.decode(W3CHttpResponseCodec.java:132)
	at org.openqa.selenium.remote.codec.w3c.W3CHttpResponseCodec.decode(W3CHttpResponseCodec.java:51)
	at org.openqa.selenium.remote.HttpCommandExecutor.execute(HttpCommandExecutor.java:191)
	at org.openqa.selenium.remote.service.DriverCommandExecutor.invokeExecute(DriverCommandExecutor.java:196)
	at org.openqa.selenium.remote.service.DriverCommandExecutor.execute(DriverCommandExecutor.java:171)
	at org.openqa.selenium.remote.RemoteWebDriver.execute(RemoteWebDriver.java:531)
	at org.openqa.selenium.remote.ElementLocation$ElementFinder$2.findElement(ElementLocation.java:165)
	at org.openqa.selenium.remote.ElementLocation.findElement(ElementLocation.java:59)
	at org.openqa.selenium.remote.RemoteWebDriver.findElement(RemoteWebDriver.java:350)
	at org.openqa.selenium.remote.RemoteWebDriver.findElement(RemoteWebDriver.java:344)
	at org.openqa.selenium.support.pagefactory.DefaultElementLocator.findElement(DefaultElementLocator.java:68)
	at org.openqa.selenium.support.pagefactory.internal.LocatingElementHandler.invoke(LocatingElementHandler.java:38)
	at com.sun.proxy.$Proxy30.isDisplayed(Unknown Source)
	at org.openqa.selenium.support.ui.ExpectedConditions.elementIfVisible(ExpectedConditions.java:304)
	at org.openqa.selenium.support.ui.ExpectedConditions.access$000(ExpectedConditions.java:37)
	at org.openqa.selenium.support.ui.ExpectedConditions$10.apply(ExpectedConditions.java:290)
	at org.openqa.selenium.support.ui.ExpectedConditions$10.apply(ExpectedConditions.java:287)
	at org.openqa.selenium.support.ui.FluentWait.until(FluentWait.java:205)
	... 37 more
... Removed 35 stack frames
</div> <!-- stack-trace -->
                  <em>
(Click to (Отклоненные) BTN)                  </em>
                </div> <!-- method-content -->
              </div> <!-- method -->
            </div> <!-- main-panel-content rounded-window-bottom -->
          </div> <!-- suite-Surefire_suite-class-failed -->
          <div class="suite-Surefire_suite-class-failed">
            <div class="main-panel-header rounded-window-top">
              <img src="failed.png"/>
              <span class="class-name">org.OptimaBusTests.uiTests.createBTNTest.ConvertingTest</span>
            </div> <!-- main-panel-header rounded-window-top -->
            <div class="main-panel-content rounded-window-bottom">
              <div class="method">
                <div class="method-content">
                  <a name="createNaPodpisFunctionalDollar">
                  </a> <!-- createNaPodpisFunctionalDollar -->
                  <span class="method-name">createNaPodpisFunctionalDollar</span>
                  <div class="stack-trace">org.openqa.selenium.TimeoutException: Expected condition failed: waiting for visibility of Proxy element for: DefaultElementLocator &apos;By.xpath: (.//div[@class=&apos;ob-select&apos;])[2]&apos; (tried for 6 second(s) with 500 milliseconds interval)
	at org.openqa.selenium.support.ui.WebDriverWait.timeoutException(WebDriverWait.java:84)
	at org.openqa.selenium.support.ui.FluentWait.until(FluentWait.java:230)
	at org.OptimaBus.UI.helper.WebElementActions.waitElementToBeDisplayed(WebElementActions.java:28)
	at org.OptimaBus.UI.helper.WebElementActions.click(WebElementActions.java:67)
	at org.OptimaBus.UI.pages.createBTN.Converting.CheckNaPodpisBTNDollar(Converting.java:129)
	at org.OptimaBusTests.uiTests.createBTNTest.ConvertingTest.createNaPodpisFunctionalDollar(ConvertingTest.java:54)
	at java.base/java.util.ArrayList.forEach(ArrayList.java:1541)
Caused by: org.openqa.selenium.NoSuchElementException: no such element: Unable to locate element: {&quot;method&quot;:&quot;xpath&quot;,&quot;selector&quot;:&quot;(.//div[@class=&apos;ob-select&apos;])[2]&quot;}
  (Session info: chrome=115.0.5790.110)
For documentation on this error, please visit: https://www.selenium.dev/documentation/webdriver/troubleshooting/errors#no-such-element-exception
Build info: version: &apos;4.10.0&apos;, revision: &apos;c14d967899&apos;
System info: os.name: &apos;Windows 10&apos;, os.arch: &apos;amd64&apos;, os.version: &apos;10.0&apos;, java.version: &apos;11.0.16.1&apos;
Driver info: org.openqa.selenium.chrome.ChromeDriver
Command: [676aef790b1b9b3ca5fdd595e41805e5, findElement {using=xpath, value=(.//div[@class=&apos;ob-select&apos;])[2]}]
Capabilities {acceptInsecureCerts: false, browserName: chrome, browserVersion: 115.0.5790.110, chrome: {chromedriverVersion: 114.0.5735.90 (386bc09e8f4f..., userDataDir: C:\Users\Asus\AppData\Local...}, goog:chromeOptions: {debuggerAddress: localhost:55080}, networkConnectionEnabled: false, pageLoadStrategy: normal, platformName: windows, proxy: Proxy(), se:cdp: ws://localhost:55080/devtoo..., se:cdpVersion: 115.0.5790.110, setWindowRect: true, strictFileInteractability: false, timeouts: {implicit: 0, pageLoad: 300000, script: 30000}, unhandledPromptBehavior: dismiss and notify, webauthn:extension:credBlob: true, webauthn:extension:largeBlob: true, webauthn:extension:minPinLength: true, webauthn:extension:prf: true, webauthn:virtualAuthenticators: true}
Session ID: 676aef790b1b9b3ca5fdd595e41805e5
	at org.openqa.selenium.remote.codec.w3c.W3CHttpResponseCodec.createException(W3CHttpResponseCodec.java:199)
	at org.openqa.selenium.remote.codec.w3c.W3CHttpResponseCodec.decode(W3CHttpResponseCodec.java:132)
	at org.openqa.selenium.remote.codec.w3c.W3CHttpResponseCodec.decode(W3CHttpResponseCodec.java:51)
	at org.openqa.selenium.remote.HttpCommandExecutor.execute(HttpCommandExecutor.java:191)
	at org.openqa.selenium.remote.service.DriverCommandExecutor.invokeExecute(DriverCommandExecutor.java:196)
	at org.openqa.selenium.remote.service.DriverCommandExecutor.execute(DriverCommandExecutor.java:171)
	at org.openqa.selenium.remote.RemoteWebDriver.execute(RemoteWebDriver.java:531)
	at org.openqa.selenium.remote.ElementLocation$ElementFinder$2.findElement(ElementLocation.java:165)
	at org.openqa.selenium.remote.ElementLocation.findElement(ElementLocation.java:59)
	at org.openqa.selenium.remote.RemoteWebDriver.findElement(RemoteWebDriver.java:350)
	at org.openqa.selenium.remote.RemoteWebDriver.findElement(RemoteWebDriver.java:344)
	at org.openqa.selenium.support.pagefactory.DefaultElementLocator.findElement(DefaultElementLocator.java:68)
	at org.openqa.selenium.support.pagefactory.internal.LocatingElementHandler.invoke(LocatingElementHandler.java:38)
	at com.sun.proxy.$Proxy30.isDisplayed(Unknown Source)
	at org.openqa.selenium.support.ui.ExpectedConditions.elementIfVisible(ExpectedConditions.java:304)
	at org.openqa.selenium.support.ui.ExpectedConditions.access$000(ExpectedConditions.java:37)
	at org.openqa.selenium.support.ui.ExpectedConditions$10.apply(ExpectedConditions.java:290)
	at org.openqa.selenium.support.ui.ExpectedConditions$10.apply(ExpectedConditions.java:287)
	at org.openqa.selenium.support.ui.FluentWait.until(FluentWait.java:205)
	... 37 more
... Removed 36 stack frames
</div> <!-- stack-trace -->
                  <em>
(Проверка функионала создании операции по конвертации с валидными данными c доллара на евро)                  </em>
                </div> <!-- method-content -->
              </div> <!-- method -->
            </div> <!-- main-panel-content rounded-window-bottom -->
          </div> <!-- suite-Surefire_suite-class-failed -->
          <div class="suite-Surefire_suite-class-passed">
            <div class="main-panel-header rounded-window-top">
              <img src="passed.png"/>
              <span class="class-name">org.OptimaBusTests.uiTests.createBTNTest.MBPerevodValTest</span>
            </div> <!-- main-panel-header rounded-window-top -->
            <div class="main-panel-content rounded-window-bottom">
              <div class="method">
                <div class="method-content">
                  <a name="checkDocumentNumberTest">
                  </a> <!-- checkDocumentNumberTest -->
                  <span class="method-name">checkDocumentNumberTest</span>
                  <em>
(Проверка на невалидные значения в поле Номер документа)                  </em>
                </div> <!-- method-content -->
              </div> <!-- method -->
              <div class="method">
                <div class="method-content">
                  <a name="checkEmptyBIkTest">
                  </a> <!-- checkEmptyBIkTest -->
                  <span class="method-name">checkEmptyBIkTest</span>
                  <em>
(Проверка на пустое поле БИК/СВИФТ)                  </em>
                </div> <!-- method-content -->
              </div> <!-- method -->
              <div class="method">
                <div class="method-content">
                  <a name="checkEmptyCodeOplaty">
                  </a> <!-- checkEmptyCodeOplaty -->
                  <span class="method-name">checkEmptyCodeOplaty</span>
                  <em>
(Проверка на невалидные значения в поле Номер документа)                  </em>
                </div> <!-- method-content -->
              </div> <!-- method -->
              <div class="method">
                <div class="method-content">
                  <a name="checkEmptyFieldNAzna4enie">
                  </a> <!-- checkEmptyFieldNAzna4enie -->
                  <span class="method-name">checkEmptyFieldNAzna4enie</span>
                  <em>
(Проверка на невалидные значения в поле Номер документа)                  </em>
                </div> <!-- method-content -->
              </div> <!-- method -->
              <div class="method">
                <div class="method-content">
                  <a name="checkEmptyIBANTest">
                  </a> <!-- checkEmptyIBANTest -->
                  <span class="method-name">checkEmptyIBANTest</span>
                  <em>
(Проверка на пустое поле счет/IBAN)                  </em>
                </div> <!-- method-content -->
              </div> <!-- method -->
              <div class="method">
                <div class="method-content">
                  <a name="checkEmptyNAimenovanieTest">
                  </a> <!-- checkEmptyNAimenovanieTest -->
                  <span class="method-name">checkEmptyNAimenovanieTest</span>
                  <em>
(Проверка на пустое поле Наименование)                  </em>
                </div> <!-- method-content -->
              </div> <!-- method -->
              <div class="method">
                <div class="method-content">
                  <a name="checkEmptySummaPlateja">
                  </a> <!-- checkEmptySummaPlateja -->
                  <span class="method-name">checkEmptySummaPlateja</span>
                  <em>
(Проверка на невалидные значения в поле Номер документа)                  </em>
                </div> <!-- method-content -->
              </div> <!-- method -->
              <div class="method">
                <div class="method-content">
                  <a name="checkMoreSummaPlateja">
                  </a> <!-- checkMoreSummaPlateja -->
                  <span class="method-name">checkMoreSummaPlateja</span>
                  <em>
(Проверка на невалидные значения в поле Номер документа)                  </em>
                </div> <!-- method-content -->
              </div> <!-- method -->
              <div class="method">
                <div class="method-content">
                  <a name="checkNaPodpisBTN">
                  </a> <!-- checkNaPodpisBTN -->
                  <span class="method-name">checkNaPodpisBTN</span>
                  <em>
(Проверка кнопки На подпись )                  </em>
                </div> <!-- method-content -->
              </div> <!-- method -->
              <div class="method">
                <div class="method-content">
                  <a name="checkTheFunctionalWithKZ">
                  </a> <!-- checkTheFunctionalWithKZ -->
                  <span class="method-name">checkTheFunctionalWithKZ</span>
                  <em>
(Проверка на невалидные значения в поле Номер документа)                  </em>
                </div> <!-- method-content -->
              </div> <!-- method -->
              <div class="method">
                <div class="method-content">
                  <a name="checkWithEmptyCountryFieldTest">
                  </a> <!-- checkWithEmptyCountryFieldTest -->
                  <span class="method-name">checkWithEmptyCountryFieldTest</span>
                  <em>
(Проверка на пустую строку 'Страна')                  </em>
                </div> <!-- method-content -->
              </div> <!-- method -->
              <div class="method">
                <div class="method-content">
                  <a name="checkWithInvalidSChetSpisanuyaTest">
                  </a> <!-- checkWithInvalidSChetSpisanuyaTest -->
                  <span class="method-name">checkWithInvalidSChetSpisanuyaTest</span>
                  <em>
(Проверка на некорректном счете списания)                  </em>
                </div> <!-- method-content -->
              </div> <!-- method -->
              <div class="method">
                <div class="method-content">
                  <a name="checkWithInvalidSchetComissiiTest">
                  </a> <!-- checkWithInvalidSchetComissiiTest -->
                  <span class="method-name">checkWithInvalidSchetComissiiTest</span>
                  <em>
(Поверка на некорректный счет для оплаты комиссии)                  </em>
                </div> <!-- method-content -->
              </div> <!-- method -->
            </div> <!-- main-panel-content rounded-window-bottom -->
          </div> <!-- suite-Surefire_suite-class-passed -->
          <div class="suite-Surefire_suite-class-passed">
            <div class="main-panel-header rounded-window-top">
              <img src="passed.png"/>
              <span class="class-name">org.OptimaBusTests.uiTests.mainPageTests.OperationHisTests</span>
            </div> <!-- main-panel-header rounded-window-top -->
            <div class="main-panel-content rounded-window-bottom">
              <div class="method">
                <div class="method-content">
                  <a name="Ispolnennye">
                  </a> <!-- Ispolnennye -->
                  <span class="method-name">Ispolnennye</span>
                  <em>
(Click to (Исполненные) BTN)                  </em>
                </div> <!-- method-content -->
              </div> <!-- method -->
              <div class="method">
                <div class="method-content">
                  <a name="NaPodpis">
                  </a> <!-- NaPodpis -->
                  <span class="method-name">NaPodpis</span>
                  <em>
(Click to (На Подпись) BTN)                  </em>
                </div> <!-- method-content -->
              </div> <!-- method -->
              <div class="method">
                <div class="method-content">
                  <a name="NaRedact">
                  </a> <!-- NaRedact -->
                  <span class="method-name">NaRedact</span>
                  <em>
(Click to (На редактирование) BTN)                  </em>
                </div> <!-- method-content -->
              </div> <!-- method -->
              <div class="method">
                <div class="method-content">
                  <a name="OjidaetOtpr">
                  </a> <!-- OjidaetOtpr -->
                  <span class="method-name">OjidaetOtpr</span>
                  <em>
(Click to (Ожидает подписи) BTN)                  </em>
                </div> <!-- method-content -->
              </div> <!-- method -->
              <div class="method">
                <div class="method-content">
                  <a name="OtkazanoBankom">
                  </a> <!-- OtkazanoBankom -->
                  <span class="method-name">OtkazanoBankom</span>
                  <em>
(Click to (Отказано Банком) BTN)                  </em>
                </div> <!-- method-content -->
              </div> <!-- method -->
              <div class="method">
                <div class="method-content">
                  <a name="Otklonennye">
                  </a> <!-- Otklonennye -->
                  <span class="method-name">Otklonennye</span>
                  <em>
(Click to (Отклоненные) BTN)                  </em>
                </div> <!-- method-content -->
              </div> <!-- method -->
              <div class="method">
                <div class="method-content">
                  <a name="checkThe2BTN">
                  </a> <!-- checkThe2BTN -->
                  <span class="method-name">checkThe2BTN</span>
                  <em>
(Click to История операции in Main Page)                  </em>
                </div> <!-- method-content -->
              </div> <!-- method -->
            </div> <!-- main-panel-content rounded-window-bottom -->
          </div> <!-- suite-Surefire_suite-class-passed -->
          <div class="suite-Surefire_suite-class-passed">
            <div class="main-panel-header rounded-window-top">
              <img src="passed.png"/>
              <span class="class-name">org.OptimaBusTests.uiTests.LoginTests</span>
            </div> <!-- main-panel-header rounded-window-top -->
            <div class="main-panel-content rounded-window-bottom">
              <div class="method">
                <div class="method-content">
                  <a name="loginWithEmptyFields">
                  </a> <!-- loginWithEmptyFields -->
                  <span class="method-name">loginWithEmptyFields</span>
                  <em>
(Test with empty fields)                  </em>
                </div> <!-- method-content -->
              </div> <!-- method -->
              <div class="method">
                <div class="method-content">
                  <a name="loginWithInvalidID">
                  </a> <!-- loginWithInvalidID -->
                  <span class="method-name">loginWithInvalidID</span>
                  <em>
(Test with invalid ID)                  </em>
                </div> <!-- method-content -->
              </div> <!-- method -->
              <div class="method">
                <div class="method-content">
                  <a name="loginWithInvalidPassword">
                  </a> <!-- loginWithInvalidPassword -->
                  <span class="method-name">loginWithInvalidPassword</span>
                  <em>
(Test with invalid ID)                  </em>
                </div> <!-- method-content -->
              </div> <!-- method -->
            </div> <!-- main-panel-content rounded-window-bottom -->
          </div> <!-- suite-Surefire_suite-class-passed -->
          <div class="suite-Surefire_suite-class-passed">
            <div class="main-panel-header rounded-window-top">
              <img src="passed.png"/>
              <span class="class-name">org.OptimaBusTests.uiTests.createBTNTest.MBPerevodSomTest</span>
            </div> <!-- main-panel-header rounded-window-top -->
            <div class="main-panel-content rounded-window-bottom">
              <div class="method">
                <div class="method-content">
                  <a name="BIKNaimenovanieTes">
                  </a> <!-- BIKNaimenovanieTes -->
                  <span class="method-name">BIKNaimenovanieTes</span>
                  <em>
(БИК/Наименование банка)                  </em>
                </div> <!-- method-content -->
              </div> <!-- method -->
              <div class="method">
                <div class="method-content">
                  <a name="naPodpisBTNcheck">
                  </a> <!-- naPodpisBTNcheck -->
                  <span class="method-name">naPodpisBTNcheck</span>
                  <em>
(На подпись)                  </em>
                </div> <!-- method-content -->
              </div> <!-- method -->
              <div class="method">
                <div class="method-content">
                  <a name="schetSpisaniyaTest">
                  </a> <!-- schetSpisaniyaTest -->
                  <span class="method-name">schetSpisaniyaTest</span>
                  <em>
(Счет списания не казан алерт)                  </em>
                </div> <!-- method-content -->
              </div> <!-- method -->
              <div class="method">
                <div class="method-content">
                  <a name="tipOperaciiTest">
                  </a> <!-- tipOperaciiTest -->
                  <span class="method-name">tipOperaciiTest</span>
                  <em>
(Тип операции алерт)                  </em>
                </div> <!-- method-content -->
              </div> <!-- method -->
            </div> <!-- main-panel-content rounded-window-bottom -->
          </div> <!-- suite-Surefire_suite-class-passed -->
          <div class="suite-Surefire_suite-class-passed">
            <div class="main-panel-header rounded-window-top">
              <img src="passed.png"/>
              <span class="class-name">org.OptimaBusTests.uiTests.createBTNTest.IntraBankTest</span>
            </div> <!-- main-panel-header rounded-window-top -->
            <div class="main-panel-content rounded-window-bottom">
              <div class="method">
                <div class="method-content">
                  <a name="minValueInNAznachenie">
                  </a> <!-- minValueInNAznachenie -->
                  <span class="method-name">minValueInNAznachenie</span>
                  <em>
(Check to input MIN value in 'Назначение')                  </em>
                </div> <!-- method-content -->
              </div> <!-- method -->
              <div class="method">
                <div class="method-content">
                  <a name="moreThenHaveError">
                  </a> <!-- moreThenHaveError -->
                  <span class="method-name">moreThenHaveError</span>
                  <em>
(Check to transfer more money then in the accaunt)                  </em>
                </div> <!-- method-content -->
              </div> <!-- method -->
              <div class="method">
                <div class="method-content">
                  <a name="naPodpisBTNCheck">
                  </a> <!-- naPodpisBTNCheck -->
                  <span class="method-name">naPodpisBTNCheck</span>
                  <em>
(Check 'На подпись' button )                  </em>
                </div> <!-- method-content -->
              </div> <!-- method -->
              <div class="method">
                <div class="method-content">
                  <a name="tranzitSchetCheck">
                  </a> <!-- tranzitSchetCheck -->
                  <span class="method-name">tranzitSchetCheck</span>
                  <em>
(Check tranzit schet intro_bank)                  </em>
                </div> <!-- method-content -->
              </div> <!-- method -->
              <div class="method">
                <div class="method-content">
                  <a name="wrongSchetSpisaniyaError">
                  </a> <!-- wrongSchetSpisaniyaError -->
                  <span class="method-name">wrongSchetSpisaniyaError</span>
                  <em>
(Check the wrong schet spisaniya)                  </em>
                </div> <!-- method-content -->
              </div> <!-- method -->
              <div class="method">
                <div class="method-content">
                  <a name="wrongSchetZachisleniyaError">
                  </a> <!-- wrongSchetZachisleniyaError -->
                  <span class="method-name">wrongSchetZachisleniyaError</span>
                  <em>
(Check the wrong schet)                  </em>
                </div> <!-- method-content -->
              </div> <!-- method -->
            </div> <!-- main-panel-content rounded-window-bottom -->
          </div> <!-- suite-Surefire_suite-class-passed -->
          <div class="suite-Surefire_suite-class-passed">
            <div class="main-panel-header rounded-window-top">
              <img src="passed.png"/>
              <span class="class-name">org.OptimaBusTests.uiTests.mainPageTests.MainPageTest</span>
            </div> <!-- main-panel-header rounded-window-top -->
            <div class="main-panel-content rounded-window-bottom">
              <div class="method">
                <div class="method-content">
                  <a name="checkChosenOneCompany">
                  </a> <!-- checkChosenOneCompany -->
                  <span class="method-name">checkChosenOneCompany</span>
                  <em>
(Click to dropdown and choose one company)                  </em>
                </div> <!-- method-content -->
              </div> <!-- method -->
              <div class="method">
                <div class="method-content">
                  <a name="importCheckBTN">
                  </a> <!-- importCheckBTN -->
                  <span class="method-name">importCheckBTN</span>
                  <em>
(Check the importBTN)                  </em>
                </div> <!-- method-content -->
              </div> <!-- method -->
            </div> <!-- main-panel-content rounded-window-bottom -->
          </div> <!-- suite-Surefire_suite-class-passed -->
          <div class="suite-Surefire_suite-class-passed">
            <div class="main-panel-header rounded-window-top">
              <img src="passed.png"/>
              <span class="class-name">org.OptimaBusTests.uiTests.createBTNTest.ConvertingTest</span>
            </div> <!-- main-panel-header rounded-window-top -->
            <div class="main-panel-content rounded-window-bottom">
              <div class="method">
                <div class="method-content">
                  <a name="clickableNaPodpisBTN">
                  </a> <!-- clickableNaPodpisBTN -->
                  <span class="method-name">clickableNaPodpisBTN</span>
                  <em>
(Проверка кликабельности кнопки На подпись)                  </em>
                </div> <!-- method-content -->
              </div> <!-- method -->
              <div class="method">
                <div class="method-content">
                  <a name="createNaPodpisFunctionalInvalute">
                  </a> <!-- createNaPodpisFunctionalInvalute -->
                  <span class="method-name">createNaPodpisFunctionalInvalute</span>
                  <em>
(Проверка функионала создании операции по конвертации с валидными данными c доллара на сом)                  </em>
                </div> <!-- method-content -->
              </div> <!-- method -->
              <div class="method">
                <div class="method-content">
                  <a name="createNaPodpisFunctionalSom">
                  </a> <!-- createNaPodpisFunctionalSom -->
                  <span class="method-name">createNaPodpisFunctionalSom</span>
                  <em>
(Проверка функионала создании операции по конвертации с валидными данными)                  </em>
                </div> <!-- method-content -->
              </div> <!-- method -->
              <div class="method">
                <div class="method-content">
                  <a name="createNewCourseFunctionalCheck">
                  </a> <!-- createNewCourseFunctionalCheck -->
                  <span class="method-name">createNewCourseFunctionalCheck</span>
                  <em>
(Проверка функионала создании операции по конвертации с изменением курса валют в ручную)                  </em>
                </div> <!-- method-content -->
              </div> <!-- method -->
              <div class="method">
                <div class="method-content">
                  <a name="moreThenWeHave">
                  </a> <!-- moreThenWeHave -->
                  <span class="method-name">moreThenWeHave</span>
                  <em>
(Проверка превышения суммы конвертации)                  </em>
                </div> <!-- method-content -->
              </div> <!-- method -->
              <div class="method">
                <div class="method-content">
                  <a name="withoutSummaPlatejaTest">
                  </a> <!-- withoutSummaPlatejaTest -->
                  <span class="method-name">withoutSummaPlatejaTest</span>
                  <em>
(Проверка функционала без ввода суммы конвертации)                  </em>
                </div> <!-- method-content -->
              </div> <!-- method -->
            </div> <!-- main-panel-content rounded-window-bottom -->
          </div> <!-- suite-Surefire_suite-class-passed -->
        </div> <!-- panel Surefire_suite -->
        <div panel-name="test-xml-Surefire_suite" class="panel">
          <div class="main-panel-header rounded-window-top">
          </div> <!-- main-panel-header rounded-window-top -->
          <div class="main-panel-content rounded-window-bottom">
            <pre>
&lt;?xml version=&quot;1.0&quot; encoding=&quot;UTF-8&quot;?&gt;
&lt;!DOCTYPE suite SYSTEM &quot;https://testng.org/testng-1.0.dtd&quot;&gt;
&lt;suite thread-count=&quot;1&quot; name=&quot;Surefire suite&quot; verbose=&quot;0&quot;&gt;
  &lt;test thread-count=&quot;1&quot; name=&quot;Surefire test&quot; verbose=&quot;0&quot;&gt;
    &lt;classes&gt;
      &lt;class name=&quot;org.OptimaBusTests.uiTests.BaseUiTests&quot;/&gt;
      &lt;class name=&quot;org.OptimaBusTests.uiTests.CalcTests&quot;/&gt;
      &lt;class name=&quot;org.OptimaBusTests.uiTests.createBTNTest.ConvertingTest&quot;/&gt;
      &lt;class name=&quot;org.OptimaBusTests.uiTests.createBTNTest.IntraBankTest&quot;/&gt;
      &lt;class name=&quot;org.OptimaBusTests.uiTests.createBTNTest.MBPerevodSomTest&quot;/&gt;
      &lt;class name=&quot;org.OptimaBusTests.uiTests.createBTNTest.MBPerevodValTest&quot;/&gt;
      &lt;class name=&quot;org.OptimaBusTests.uiTests.LoginTests&quot;/&gt;
      &lt;class name=&quot;org.OptimaBusTests.uiTests.mainPageTests.DocumentsTest&quot;/&gt;
      &lt;class name=&quot;org.OptimaBusTests.uiTests.mainPageTests.EmployeesTests&quot;/&gt;
      &lt;class name=&quot;org.OptimaBusTests.uiTests.mainPageTests.ImportsTests&quot;/&gt;
      &lt;class name=&quot;org.OptimaBusTests.uiTests.mainPageTests.MainPageTest&quot;/&gt;
      &lt;class name=&quot;org.OptimaBusTests.uiTests.mainPageTests.MoreTests&quot;/&gt;
      &lt;class name=&quot;org.OptimaBusTests.uiTests.mainPageTests.OperationHisTests&quot;/&gt;
      &lt;class name=&quot;org.OptimaBusTests.uiTests.mainPageTests.SettingsTests&quot;/&gt;
      &lt;class name=&quot;org.OptimaBusTests.uiTests.OperationHisTests&quot;/&gt;
    &lt;/classes&gt;
  &lt;/test&gt; &lt;!-- Surefire test --&gt;
&lt;/suite&gt; &lt;!-- Surefire suite --&gt;
            </pre>
          </div> <!-- main-panel-content rounded-window-bottom -->
        </div> <!-- panel -->
        <div panel-name="testlist-Surefire_suite" class="panel">
          <div class="main-panel-header rounded-window-top">
            <span class="header-content">Tests for Surefire suite</span>
          </div> <!-- main-panel-header rounded-window-top -->
          <div class="main-panel-content rounded-window-bottom">
            <ul>
              <li>
                <span class="test-name">Surefire test (15 classes)</span>
              </li>
            </ul>
          </div> <!-- main-panel-content rounded-window-bottom -->
        </div> <!-- panel -->
        <div panel-name="group-Surefire_suite" class="panel">
          <div class="main-panel-header rounded-window-top">
            <span class="header-content">Groups for Surefire suite</span>
          </div> <!-- main-panel-header rounded-window-top -->
          <div class="main-panel-content rounded-window-bottom">
          </div> <!-- main-panel-content rounded-window-bottom -->
        </div> <!-- panel -->
        <div panel-name="times-Surefire_suite" class="panel">
          <div class="main-panel-header rounded-window-top">
            <span class="header-content">Times for Surefire suite</span>
          </div> <!-- main-panel-header rounded-window-top -->
          <div class="main-panel-content rounded-window-bottom">
            <div class="times-div">
              <script type="text/javascript">
suiteTableInitFunctions.push('tableData_Surefire_suite');
function tableData_Surefire_suite() {
var data = new google.visualization.DataTable();
data.addColumn('number', 'Number');
data.addColumn('string', 'Method');
data.addColumn('string', 'Class');
data.addColumn('number', 'Time (ms)');
data.addRows(58);
data.setCell(0, 0, 0)
data.setCell(0, 1, 'createNaPodpisFunctionalDollar')
data.setCell(0, 2, 'org.OptimaBusTests.uiTests.createBTNTest.ConvertingTest')
data.setCell(0, 3, 40380);
data.setCell(1, 0, 1)
data.setCell(1, 1, 'clickableNaPodpisBTN')
data.setCell(1, 2, 'org.OptimaBusTests.uiTests.createBTNTest.ConvertingTest')
data.setCell(1, 3, 37783);
data.setCell(2, 0, 2)
data.setCell(2, 1, 'isEmployeesBtnClickable')
data.setCell(2, 2, 'org.OptimaBusTests.uiTests.mainPageTests.EmployeesTests')
data.setCell(2, 3, 35095);
data.setCell(3, 0, 3)
data.setCell(3, 1, 'NaPodpis')
data.setCell(3, 2, 'org.OptimaBusTests.uiTests.OperationHisTests')
data.setCell(3, 3, 30117);
data.setCell(4, 0, 4)
data.setCell(4, 1, 'Ispolnennye')
data.setCell(4, 2, 'org.OptimaBusTests.uiTests.OperationHisTests')
data.setCell(4, 3, 30095);
data.setCell(5, 0, 5)
data.setCell(5, 1, 'MoiChernoviki')
data.setCell(5, 2, 'org.OptimaBusTests.uiTests.OperationHisTests')
data.setCell(5, 3, 30087);
data.setCell(6, 0, 6)
data.setCell(6, 1, 'Otklonennye')
data.setCell(6, 2, 'org.OptimaBusTests.uiTests.OperationHisTests')
data.setCell(6, 3, 30079);
data.setCell(7, 0, 7)
data.setCell(7, 1, 'OjidaetOtpr')
data.setCell(7, 2, 'org.OptimaBusTests.uiTests.OperationHisTests')
data.setCell(7, 3, 30075);
data.setCell(8, 0, 8)
data.setCell(8, 1, 'OtkazanoBankom')
data.setCell(8, 2, 'org.OptimaBusTests.uiTests.OperationHisTests')
data.setCell(8, 3, 30057);
data.setCell(9, 0, 9)
data.setCell(9, 1, 'MoiChernoviki')
data.setCell(9, 2, 'org.OptimaBusTests.uiTests.mainPageTests.OperationHisTests')
data.setCell(9, 3, 30036);
data.setCell(10, 0, 10)
data.setCell(10, 1, 'NaRedact')
data.setCell(10, 2, 'org.OptimaBusTests.uiTests.OperationHisTests')
data.setCell(10, 3, 30033);
data.setCell(11, 0, 11)
data.setCell(11, 1, 'checkNaPodpisBTN')
data.setCell(11, 2, 'org.OptimaBusTests.uiTests.createBTNTest.MBPerevodValTest')
data.setCell(11, 3, 26403);
data.setCell(12, 0, 12)
data.setCell(12, 1, 'checkTheFunctionalWithRU')
data.setCell(12, 2, 'org.OptimaBusTests.uiTests.createBTNTest.MBPerevodValTest')
data.setCell(12, 3, 26260);
data.setCell(13, 0, 13)
data.setCell(13, 1, 'checkTheFunctionalWithKZ')
data.setCell(13, 2, 'org.OptimaBusTests.uiTests.createBTNTest.MBPerevodValTest')
data.setCell(13, 3, 24996);
data.setCell(14, 0, 14)
data.setCell(14, 1, 'checkWithEmptyCountryFieldTest')
data.setCell(14, 2, 'org.OptimaBusTests.uiTests.createBTNTest.MBPerevodValTest')
data.setCell(14, 3, 24769);
data.setCell(15, 0, 15)
data.setCell(15, 1, 'tranzitSchetCheck')
data.setCell(15, 2, 'org.OptimaBusTests.uiTests.createBTNTest.IntraBankTest')
data.setCell(15, 3, 24160);
data.setCell(16, 0, 16)
data.setCell(16, 1, 'naPodpisBTNCheck')
data.setCell(16, 2, 'org.OptimaBusTests.uiTests.createBTNTest.IntraBankTest')
data.setCell(16, 3, 23616);
data.setCell(17, 0, 17)
data.setCell(17, 1, 'checkEmptyNAimenovanieTest')
data.setCell(17, 2, 'org.OptimaBusTests.uiTests.createBTNTest.MBPerevodValTest')
data.setCell(17, 3, 22975);
data.setCell(18, 0, 18)
data.setCell(18, 1, 'checkEmptyIBANTest')
data.setCell(18, 2, 'org.OptimaBusTests.uiTests.createBTNTest.MBPerevodValTest')
data.setCell(18, 3, 22920);
data.setCell(19, 0, 19)
data.setCell(19, 1, 'naPodpisBTNcheck')
data.setCell(19, 2, 'org.OptimaBusTests.uiTests.createBTNTest.MBPerevodSomTest')
data.setCell(19, 3, 22450);
data.setCell(20, 0, 20)
data.setCell(20, 1, 'checkDocumentNumberTest')
data.setCell(20, 2, 'org.OptimaBusTests.uiTests.createBTNTest.MBPerevodValTest')
data.setCell(20, 3, 22204);
data.setCell(21, 0, 21)
data.setCell(21, 1, 'checkEmptyBIkTest')
data.setCell(21, 2, 'org.OptimaBusTests.uiTests.createBTNTest.MBPerevodValTest')
data.setCell(21, 3, 21715);
data.setCell(22, 0, 22)
data.setCell(22, 1, 'schetSpisaniyaTest')
data.setCell(22, 2, 'org.OptimaBusTests.uiTests.createBTNTest.MBPerevodSomTest')
data.setCell(22, 3, 20860);
data.setCell(23, 0, 23)
data.setCell(23, 1, 'moreThenWeHave')
data.setCell(23, 2, 'org.OptimaBusTests.uiTests.createBTNTest.ConvertingTest')
data.setCell(23, 3, 20835);
data.setCell(24, 0, 24)
data.setCell(24, 1, 'checkMoreSummaPlateja')
data.setCell(24, 2, 'org.OptimaBusTests.uiTests.createBTNTest.MBPerevodValTest')
data.setCell(24, 3, 20064);
data.setCell(25, 0, 25)
data.setCell(25, 1, 'createNewCourseFunctionalCheck')
data.setCell(25, 2, 'org.OptimaBusTests.uiTests.createBTNTest.ConvertingTest')
data.setCell(25, 3, 20009);
data.setCell(26, 0, 26)
data.setCell(26, 1, 'checkEmptySummaPlateja')
data.setCell(26, 2, 'org.OptimaBusTests.uiTests.createBTNTest.MBPerevodValTest')
data.setCell(26, 3, 20007);
data.setCell(27, 0, 27)
data.setCell(27, 1, 'checkEmptyFieldNAzna4enie')
data.setCell(27, 2, 'org.OptimaBusTests.uiTests.createBTNTest.MBPerevodValTest')
data.setCell(27, 3, 19879);
data.setCell(28, 0, 28)
data.setCell(28, 1, 'checkWithInvalidSchetComissiiTest')
data.setCell(28, 2, 'org.OptimaBusTests.uiTests.createBTNTest.MBPerevodValTest')
data.setCell(28, 3, 19112);
data.setCell(29, 0, 29)
data.setCell(29, 1, 'checkWithInvalidSChetSpisanuyaTest')
data.setCell(29, 2, 'org.OptimaBusTests.uiTests.createBTNTest.MBPerevodValTest')
data.setCell(29, 3, 18934);
data.setCell(30, 0, 30)
data.setCell(30, 1, 'checkEmptyCodeOplaty')
data.setCell(30, 2, 'org.OptimaBusTests.uiTests.createBTNTest.MBPerevodValTest')
data.setCell(30, 3, 17968);
data.setCell(31, 0, 31)
data.setCell(31, 1, 'BIKNaimenovanieTes')
data.setCell(31, 2, 'org.OptimaBusTests.uiTests.createBTNTest.MBPerevodSomTest')
data.setCell(31, 3, 17752);
data.setCell(32, 0, 32)
data.setCell(32, 1, 'createNaPodpisFunctionalSom')
data.setCell(32, 2, 'org.OptimaBusTests.uiTests.createBTNTest.ConvertingTest')
data.setCell(32, 3, 16844);
data.setCell(33, 0, 33)
data.setCell(33, 1, 'createNaPodpisFunctionalInvalute')
data.setCell(33, 2, 'org.OptimaBusTests.uiTests.createBTNTest.ConvertingTest')
data.setCell(33, 3, 16805);
data.setCell(34, 0, 34)
data.setCell(34, 1, 'tipOperaciiTest')
data.setCell(34, 2, 'org.OptimaBusTests.uiTests.createBTNTest.MBPerevodSomTest')
data.setCell(34, 3, 16645);
data.setCell(35, 0, 35)
data.setCell(35, 1, 'minValueInNAznachenie')
data.setCell(35, 2, 'org.OptimaBusTests.uiTests.createBTNTest.IntraBankTest')
data.setCell(35, 3, 15551);
data.setCell(36, 0, 36)
data.setCell(36, 1, 'moreThenHaveError')
data.setCell(36, 2, 'org.OptimaBusTests.uiTests.createBTNTest.IntraBankTest')
data.setCell(36, 3, 13747);
data.setCell(37, 0, 37)
data.setCell(37, 1, 'wrongSchetZachisleniyaError')
data.setCell(37, 2, 'org.OptimaBusTests.uiTests.createBTNTest.IntraBankTest')
data.setCell(37, 3, 13546);
data.setCell(38, 0, 38)
data.setCell(38, 1, 'withoutSummaPlatejaTest')
data.setCell(38, 2, 'org.OptimaBusTests.uiTests.createBTNTest.ConvertingTest')
data.setCell(38, 3, 12744);
data.setCell(39, 0, 39)
data.setCell(39, 1, 'wrongSchetSpisaniyaError')
data.setCell(39, 2, 'org.OptimaBusTests.uiTests.createBTNTest.IntraBankTest')
data.setCell(39, 3, 11017);
data.setCell(40, 0, 40)
data.setCell(40, 1, 'loginWithInvalidPassword')
data.setCell(40, 2, 'org.OptimaBusTests.uiTests.LoginTests')
data.setCell(40, 3, 6315);
data.setCell(41, 0, 41)
data.setCell(41, 1, 'loginWithInvalidID')
data.setCell(41, 2, 'org.OptimaBusTests.uiTests.LoginTests')
data.setCell(41, 3, 5454);
data.setCell(42, 0, 42)
data.setCell(42, 1, 'loginWithEmptyFields')
data.setCell(42, 2, 'org.OptimaBusTests.uiTests.LoginTests')
data.setCell(42, 3, 4102);
data.setCell(43, 0, 43)
data.setCell(43, 1, 'checkHElpBTN')
data.setCell(43, 2, 'org.OptimaBusTests.uiTests.LoginTests')
data.setCell(43, 3, 3410);
data.setCell(44, 0, 44)
data.setCell(44, 1, 'checkThe2BTN')
data.setCell(44, 2, 'org.OptimaBusTests.uiTests.mainPageTests.OperationHisTests')
data.setCell(44, 3, 1246);
data.setCell(45, 0, 45)
data.setCell(45, 1, 'NaRedact')
data.setCell(45, 2, 'org.OptimaBusTests.uiTests.mainPageTests.OperationHisTests')
data.setCell(45, 3, 1111);
data.setCell(46, 0, 46)
data.setCell(46, 1, 'Ispolnennye')
data.setCell(46, 2, 'org.OptimaBusTests.uiTests.mainPageTests.OperationHisTests')
data.setCell(46, 3, 1108);
data.setCell(47, 0, 47)
data.setCell(47, 1, 'Otklonennye')
data.setCell(47, 2, 'org.OptimaBusTests.uiTests.mainPageTests.OperationHisTests')
data.setCell(47, 3, 1099);
data.setCell(48, 0, 48)
data.setCell(48, 1, 'NaPodpis')
data.setCell(48, 2, 'org.OptimaBusTests.uiTests.mainPageTests.OperationHisTests')
data.setCell(48, 3, 1096);
data.setCell(49, 0, 49)
data.setCell(49, 1, 'OjidaetOtpr')
data.setCell(49, 2, 'org.OptimaBusTests.uiTests.mainPageTests.OperationHisTests')
data.setCell(49, 3, 1094);
data.setCell(50, 0, 50)
data.setCell(50, 1, 'OtkazanoBankom')
data.setCell(50, 2, 'org.OptimaBusTests.uiTests.mainPageTests.OperationHisTests')
data.setCell(50, 3, 1094);
data.setCell(51, 0, 51)
data.setCell(51, 1, 'loginWithValidCredentials')
data.setCell(51, 2, 'org.OptimaBusTests.uiTests.CalcTests')
data.setCell(51, 3, 28);
data.setCell(52, 0, 52)
data.setCell(52, 1, 'chooseUSD')
data.setCell(52, 2, 'org.OptimaBusTests.uiTests.CalcTests')
data.setCell(52, 3, 16);
data.setCell(53, 0, 53)
data.setCell(53, 1, 'checkTheMPBar')
data.setCell(53, 2, 'org.OptimaBusTests.uiTests.mainPageTests.MainPageTest')
data.setCell(53, 3, 2);
data.setCell(54, 0, 54)
data.setCell(54, 1, 'checkChosenOneCompany')
data.setCell(54, 2, 'org.OptimaBusTests.uiTests.mainPageTests.MainPageTest')
data.setCell(54, 3, 1);
data.setCell(55, 0, 55)
data.setCell(55, 1, 'importCheckBTN')
data.setCell(55, 2, 'org.OptimaBusTests.uiTests.mainPageTests.MainPageTest')
data.setCell(55, 3, 1);
data.setCell(56, 0, 56)
data.setCell(56, 1, 'checkOtherBTNS')
data.setCell(56, 2, 'org.OptimaBusTests.uiTests.mainPageTests.MainPageTest')
data.setCell(56, 3, 1);
data.setCell(57, 0, 57)
data.setCell(57, 1, 'visibilityBellBtn')
data.setCell(57, 2, 'org.OptimaBusTests.uiTests.mainPageTests.MainPageTest')
data.setCell(57, 3, 0);
window.suiteTableData['Surefire_suite']= { tableData: data, tableDiv: 'times-div-Surefire_suite'}
return data;
}
              </script>
              <span class="suite-total-time">Total running time: 15 minutes</span>
              <div id="times-div-Surefire_suite">
              </div> <!-- times-div-Surefire_suite -->
            </div> <!-- times-div -->
          </div> <!-- main-panel-content rounded-window-bottom -->
        </div> <!-- panel -->
        <div panel-name="reporter-Surefire_suite" class="panel">
          <div class="main-panel-header rounded-window-top">
            <span class="header-content">Reporter output for Surefire suite</span>
          </div> <!-- main-panel-header rounded-window-top -->
          <div class="main-panel-content rounded-window-bottom">
          </div> <!-- main-panel-content rounded-window-bottom -->
        </div> <!-- panel -->
        <div panel-name="ignored-methods-Surefire_suite" class="panel">
          <div class="main-panel-header rounded-window-top">
            <span class="header-content">0 ignored methods</span>
          </div> <!-- main-panel-header rounded-window-top -->
          <div class="main-panel-content rounded-window-bottom">
          </div> <!-- main-panel-content rounded-window-bottom -->
        </div> <!-- panel -->
        <div panel-name="chronological-Surefire_suite" class="panel">
          <div class="main-panel-header rounded-window-top">
            <span class="header-content">Methods in chronological order</span>
          </div> <!-- main-panel-header rounded-window-top -->
          <div class="main-panel-content rounded-window-bottom">
            <div class="chronological-class">
              <div class="chronological-class-name">org.OptimaBusTests.uiTests.CalcTests</div> <!-- chronological-class-name -->
              <div class="configuration-class before">
                <span class="method-name">setUpUiTest</span>
                <span class="method-start">0 ms</span>
              </div> <!-- configuration-class before -->
              <div class="test-method">
                <img src="failed.png">
                </img>
                <span class="method-name">loginWithValidCredentials</span>
                <span class="method-start">15936 ms</span>
              </div> <!-- test-method -->
              <div class="test-method">
                <img src="failed.png">
                </img>
                <span class="method-name">chooseUSD</span>
                <span class="method-start">16094 ms</span>
              </div> <!-- test-method -->
              <div class="configuration-class after">
                <span class="method-name">tearDown</span>
                <span class="method-start">16114 ms</span>
              </div> <!-- configuration-class after -->
            </div> <!-- chronological-class -->
            <div class="chronological-class">
              <div class="chronological-class-name">org.OptimaBusTests.uiTests.createBTNTest.ConvertingTest</div> <!-- chronological-class-name -->
              <div class="configuration-class before">
                <span class="method-name">setUpUiTest</span>
                <span class="method-start">16319 ms</span>
              </div> <!-- configuration-class before -->
              <div class="test-method">
                <span class="method-name">clickableNaPodpisBTN</span>
                <span class="method-start">29507 ms</span>
              </div> <!-- test-method -->
              <div class="test-method">
                <img src="failed.png">
                </img>
                <span class="method-name">createNaPodpisFunctionalDollar</span>
                <span class="method-start">67291 ms</span>
              </div> <!-- test-method -->
              <div class="test-method">
                <span class="method-name">createNaPodpisFunctionalInvalute</span>
                <span class="method-start">107674 ms</span>
              </div> <!-- test-method -->
              <div class="test-method">
                <span class="method-name">createNaPodpisFunctionalSom</span>
                <span class="method-start">124480 ms</span>
              </div> <!-- test-method -->
              <div class="test-method">
                <span class="method-name">createNewCourseFunctionalCheck</span>
                <span class="method-start">141325 ms</span>
              </div> <!-- test-method -->
              <div class="test-method">
                <span class="method-name">moreThenWeHave</span>
                <span class="method-start">161336 ms</span>
              </div> <!-- test-method -->
              <div class="test-method">
                <span class="method-name">withoutSummaPlatejaTest</span>
                <span class="method-start">182173 ms</span>
              </div> <!-- test-method -->
              <div class="configuration-class after">
                <span class="method-name">tearDown</span>
                <span class="method-start">194918 ms</span>
              </div> <!-- configuration-class after -->
            </div> <!-- chronological-class -->
            <div class="chronological-class">
              <div class="chronological-class-name">org.OptimaBusTests.uiTests.createBTNTest.IntraBankTest</div> <!-- chronological-class-name -->
              <div class="configuration-class before">
                <span class="method-name">setUpUiTest</span>
                <span class="method-start">195127 ms</span>
              </div> <!-- configuration-class before -->
              <div class="test-method">
                <span class="method-name">naPodpisBTNCheck</span>
                <span class="method-start">209067 ms</span>
              </div> <!-- test-method -->
              <div class="test-method">
                <span class="method-name">wrongSchetZachisleniyaError</span>
                <span class="method-start">232684 ms</span>
              </div> <!-- test-method -->
              <div class="test-method">
                <span class="method-name">wrongSchetSpisaniyaError</span>
                <span class="method-start">246231 ms</span>
              </div> <!-- test-method -->
              <div class="test-method">
                <span class="method-name">moreThenHaveError</span>
                <span class="method-start">257249 ms</span>
              </div> <!-- test-method -->
              <div class="test-method">
                <span class="method-name">minValueInNAznachenie</span>
                <span class="method-start">270997 ms</span>
              </div> <!-- test-method -->
              <div class="test-method">
                <span class="method-name">tranzitSchetCheck</span>
                <span class="method-start">286549 ms</span>
              </div> <!-- test-method -->
              <div class="configuration-class after">
                <span class="method-name">tearDown</span>
                <span class="method-start">310710 ms</span>
              </div> <!-- configuration-class after -->
            </div> <!-- chronological-class -->
            <div class="chronological-class">
              <div class="chronological-class-name">org.OptimaBusTests.uiTests.createBTNTest.MBPerevodSomTest</div> <!-- chronological-class-name -->
              <div class="configuration-class before">
                <span class="method-name">setUpUiTest</span>
                <span class="method-start">310898 ms</span>
              </div> <!-- configuration-class before -->
              <div class="test-method">
                <span class="method-name">BIKNaimenovanieTes</span>
                <span class="method-start">323535 ms</span>
              </div> <!-- test-method -->
              <div class="test-method">
                <span class="method-name">naPodpisBTNcheck</span>
                <span class="method-start">341290 ms</span>
              </div> <!-- test-method -->
              <div class="test-method">
                <span class="method-name">schetSpisaniyaTest</span>
                <span class="method-start">363741 ms</span>
              </div> <!-- test-method -->
              <div class="test-method">
                <span class="method-name">tipOperaciiTest</span>
                <span class="method-start">384603 ms</span>
              </div> <!-- test-method -->
              <div class="configuration-class after">
                <span class="method-name">tearDown</span>
                <span class="method-start">401249 ms</span>
              </div> <!-- configuration-class after -->
            </div> <!-- chronological-class -->
            <div class="chronological-class">
              <div class="chronological-class-name">org.OptimaBusTests.uiTests.createBTNTest.MBPerevodValTest</div> <!-- chronological-class-name -->
              <div class="configuration-class before">
                <span class="method-name">setUpUiTest</span>
                <span class="method-start">401405 ms</span>
              </div> <!-- configuration-class before -->
              <div class="test-method">
                <span class="method-name">checkDocumentNumberTest</span>
                <span class="method-start">413617 ms</span>
              </div> <!-- test-method -->
              <div class="test-method">
                <span class="method-name">checkEmptyBIkTest</span>
                <span class="method-start">435823 ms</span>
              </div> <!-- test-method -->
              <div class="test-method">
                <span class="method-name">checkEmptyCodeOplaty</span>
                <span class="method-start">457540 ms</span>
              </div> <!-- test-method -->
              <div class="test-method">
                <span class="method-name">checkEmptyFieldNAzna4enie</span>
                <span class="method-start">475509 ms</span>
              </div> <!-- test-method -->
              <div class="test-method">
                <span class="method-name">checkEmptyIBANTest</span>
                <span class="method-start">495389 ms</span>
              </div> <!-- test-method -->
              <div class="test-method">
                <span class="method-name">checkEmptyNAimenovanieTest</span>
                <span class="method-start">518310 ms</span>
              </div> <!-- test-method -->
              <div class="test-method">
                <span class="method-name">checkEmptySummaPlateja</span>
                <span class="method-start">541286 ms</span>
              </div> <!-- test-method -->
              <div class="test-method">
                <span class="method-name">checkMoreSummaPlateja</span>
                <span class="method-start">561295 ms</span>
              </div> <!-- test-method -->
              <div class="test-method">
                <span class="method-name">checkNaPodpisBTN</span>
                <span class="method-start">581360 ms</span>
              </div> <!-- test-method -->
              <div class="test-method">
                <span class="method-name">checkTheFunctionalWithKZ</span>
                <span class="method-start">607764 ms</span>
              </div> <!-- test-method -->
              <div class="test-method">
                <img src="failed.png">
                </img>
                <span class="method-name">checkTheFunctionalWithRU</span>
                <span class="method-start">632762 ms</span>
              </div> <!-- test-method -->
              <div class="test-method">
                <span class="method-name">checkWithEmptyCountryFieldTest</span>
                <span class="method-start">659024 ms</span>
              </div> <!-- test-method -->
              <div class="test-method">
                <span class="method-name">checkWithInvalidSChetSpisanuyaTest</span>
                <span class="method-start">683795 ms</span>
              </div> <!-- test-method -->
              <div class="test-method">
                <span class="method-name">checkWithInvalidSchetComissiiTest</span>
                <span class="method-start">702730 ms</span>
              </div> <!-- test-method -->
              <div class="configuration-class after">
                <span class="method-name">tearDown</span>
                <span class="method-start">721843 ms</span>
              </div> <!-- configuration-class after -->
            </div> <!-- chronological-class -->
            <div class="chronological-class">
              <div class="chronological-class-name">org.OptimaBusTests.uiTests.LoginTests</div> <!-- chronological-class-name -->
              <div class="configuration-class before">
                <span class="method-name">setUpUiTest</span>
                <span class="method-start">722034 ms</span>
              </div> <!-- configuration-class before -->
              <div class="test-method">
                <img src="failed.png">
                </img>
                <span class="method-name">checkHElpBTN</span>
                <span class="method-start">734834 ms</span>
              </div> <!-- test-method -->
              <div class="test-method">
                <span class="method-name">loginWithEmptyFields</span>
                <span class="method-start">738246 ms</span>
              </div> <!-- test-method -->
              <div class="test-method">
                <span class="method-name">loginWithInvalidID</span>
                <span class="method-start">742349 ms</span>
              </div> <!-- test-method -->
              <div class="test-method">
                <span class="method-name">loginWithInvalidPassword</span>
                <span class="method-start">747804 ms</span>
              </div> <!-- test-method -->
              <div class="configuration-class after">
                <span class="method-name">tearDown</span>
                <span class="method-start">754120 ms</span>
              </div> <!-- configuration-class after -->
            </div> <!-- chronological-class -->
            <div class="chronological-class">
              <div class="chronological-class-name">org.OptimaBusTests.uiTests.mainPageTests.EmployeesTests</div> <!-- chronological-class-name -->
              <div class="configuration-class before">
                <span class="method-name">setUpUiTest</span>
                <span class="method-start">754311 ms</span>
              </div> <!-- configuration-class before -->
              <div class="test-method">
                <img src="failed.png">
                </img>
                <span class="method-name">isEmployeesBtnClickable</span>
                <span class="method-start">767835 ms</span>
              </div> <!-- test-method -->
              <div class="configuration-class after">
                <span class="method-name">tearDown</span>
                <span class="method-start">802932 ms</span>
              </div> <!-- configuration-class after -->
            </div> <!-- chronological-class -->
            <div class="chronological-class">
              <div class="chronological-class-name">org.OptimaBusTests.uiTests.mainPageTests.MainPageTest</div> <!-- chronological-class-name -->
              <div class="configuration-class before">
                <span class="method-name">setUpUiTest</span>
                <span class="method-start">803085 ms</span>
              </div> <!-- configuration-class before -->
              <div class="test-method">
                <img src="failed.png">
                </img>
                <span class="method-name">checkTheMPBar</span>
                <span class="method-start">815228 ms</span>
              </div> <!-- test-method -->
              <div class="test-method">
                <img src="failed.png">
                </img>
                <span class="method-name">visibilityBellBtn</span>
                <span class="method-start">815232 ms</span>
              </div> <!-- test-method -->
              <div class="test-method">
                <img src="failed.png">
                </img>
                <span class="method-name">checkOtherBTNS</span>
                <span class="method-start">815234 ms</span>
              </div> <!-- test-method -->
              <div class="test-method">
                <span class="method-name">importCheckBTN</span>
                <span class="method-start">815236 ms</span>
              </div> <!-- test-method -->
              <div class="test-method">
                <span class="method-name">checkChosenOneCompany</span>
                <span class="method-start">815238 ms</span>
              </div> <!-- test-method -->
              <div class="configuration-class after">
                <span class="method-name">tearDown</span>
                <span class="method-start">815240 ms</span>
              </div> <!-- configuration-class after -->
            </div> <!-- chronological-class -->
            <div class="chronological-class">
              <div class="chronological-class-name">org.OptimaBusTests.uiTests.mainPageTests.OperationHisTests</div> <!-- chronological-class-name -->
              <div class="configuration-class before">
                <span class="method-name">setUpUiTest</span>
                <span class="method-start">815438 ms</span>
              </div> <!-- configuration-class before -->
              <div class="test-method">
                <span class="method-name">checkThe2BTN</span>
                <span class="method-start">828310 ms</span>
              </div> <!-- test-method -->
              <div class="test-method">
                <span class="method-name">NaPodpis</span>
                <span class="method-start">829557 ms</span>
              </div> <!-- test-method -->
              <div class="test-method">
                <span class="method-name">OjidaetOtpr</span>
                <span class="method-start">830654 ms</span>
              </div> <!-- test-method -->
              <div class="test-method">
                <span class="method-name">NaRedact</span>
                <span class="method-start">831749 ms</span>
              </div> <!-- test-method -->
              <div class="test-method">
                <span class="method-name">Ispolnennye</span>
                <span class="method-start">832861 ms</span>
              </div> <!-- test-method -->
              <div class="test-method">
                <span class="method-name">Otklonennye</span>
                <span class="method-start">833970 ms</span>
              </div> <!-- test-method -->
              <div class="test-method">
                <span class="method-name">OtkazanoBankom</span>
                <span class="method-start">835071 ms</span>
              </div> <!-- test-method -->
              <div class="test-method">
                <img src="failed.png">
                </img>
                <span class="method-name">MoiChernoviki</span>
                <span class="method-start">836166 ms</span>
              </div> <!-- test-method -->
              <div class="configuration-class after">
                <span class="method-name">tearDown</span>
                <span class="method-start">866204 ms</span>
              </div> <!-- configuration-class after -->
            </div> <!-- chronological-class -->
            <div class="chronological-class">
              <div class="chronological-class-name">org.OptimaBusTests.uiTests.OperationHisTests</div> <!-- chronological-class-name -->
              <div class="configuration-class before">
                <span class="method-name">setUpUiTest</span>
                <span class="method-start">866385 ms</span>
              </div> <!-- configuration-class before -->
              <div class="test-method">
                <img src="failed.png">
                </img>
                <span class="method-name">NaPodpis</span>
                <span class="method-start">877425 ms</span>
              </div> <!-- test-method -->
              <div class="test-method">
                <img src="failed.png">
                </img>
                <span class="method-name">OjidaetOtpr</span>
                <span class="method-start">907543 ms</span>
              </div> <!-- test-method -->
              <div class="test-method">
                <img src="failed.png">
                </img>
                <span class="method-name">NaRedact</span>
                <span class="method-start">937620 ms</span>
              </div> <!-- test-method -->
              <div class="test-method">
                <img src="failed.png">
                </img>
                <span class="method-name">Ispolnennye</span>
                <span class="method-start">967655 ms</span>
              </div> <!-- test-method -->
              <div class="test-method">
                <img src="failed.png">
                </img>
                <span class="method-name">Otklonennye</span>
                <span class="method-start">997752 ms</span>
              </div> <!-- test-method -->
              <div class="test-method">
                <img src="failed.png">
                </img>
                <span class="method-name">OtkazanoBankom</span>
                <span class="method-start">1027833 ms</span>
              </div> <!-- test-method -->
              <div class="test-method">
                <img src="failed.png">
                </img>
                <span class="method-name">MoiChernoviki</span>
                <span class="method-start">1057892 ms</span>
              </div> <!-- test-method -->
              <div class="configuration-class after">
                <span class="method-name">tearDown</span>
                <span class="method-start">1087980 ms</span>
              </div> <!-- configuration-class after -->
          </div> <!-- main-panel-content rounded-window-bottom -->
        </div> <!-- panel -->
      </div> <!-- main-panel-root -->
    </div> <!-- wrapper -->
  </body>
<script type="text/javascript" src="testng-reports2.js"></script>
</html>
