-------------------------------------------------------------------------------
Test set: TestSuite
-------------------------------------------------------------------------------
Tests run: 58, Failures: 17, Errors: 0, Skipped: 0, Time elapsed: 1,090.046 s <<< FAILURE! - in TestSuite
loginWithValidCredentials(org.OptimaBusTests.uiTests.CalcTests)  Time elapsed: 0.155 s  <<< FAILURE!
java.lang.NullPointerException
	at org.OptimaBusTests.uiTests.CalcTests.loginWithValidCredentials(CalcTests.java:19)

chooseUSD(org.OptimaBusTests.uiTests.CalcTests)  Time elapsed: 0.019 s  <<< FAILURE!
java.lang.NullPointerException
	at org.OptimaBusTests.uiTests.CalcTests.chooseUSD(CalcTests.java:31)

createNaPodpisFunctionalDollar(org.OptimaBusTests.uiTests.createBTNTest.ConvertingTest)  Time elapsed: 40.383 s  <<< FAILURE!
org.openqa.selenium.TimeoutException: Expected condition failed: waiting for visibility of Proxy element for: DefaultElementLocator 'By.xpath: (.//div[@class='ob-select'])[2]' (tried for 6 second(s) with 500 milliseconds interval)
	at org.OptimaBusTests.uiTests.createBTNTest.ConvertingTest.createNaPodpisFunctionalDollar(ConvertingTest.java:54)
Caused by: org.openqa.selenium.NoSuchElementException: 
no such element: Unable to locate element: {"method":"xpath","selector":"(.//div[@class='ob-select'])[2]"}
  (Session info: chrome=115.0.5790.110)
For documentation on this error, please visit: https://www.selenium.dev/documentation/webdriver/troubleshooting/errors#no-such-element-exception
Build info: version: '4.10.0', revision: 'c14d967899'
System info: os.name: 'Windows 10', os.arch: 'amd64', os.version: '10.0', java.version: '11.0.16.1'
Driver info: org.openqa.selenium.chrome.ChromeDriver
Command: [676aef790b1b9b3ca5fdd595e41805e5, findElement {using=xpath, value=(.//div[@class='ob-select'])[2]}]
Capabilities {acceptInsecureCerts: false, browserName: chrome, browserVersion: 115.0.5790.110, chrome: {chromedriverVersion: 114.0.5735.90 (386bc09e8f4f..., userDataDir: C:\Users\Asus\AppData\Local...}, goog:chromeOptions: {debuggerAddress: localhost:55080}, networkConnectionEnabled: false, pageLoadStrategy: normal, platformName: windows, proxy: Proxy(), se:cdp: ws://localhost:55080/devtoo..., se:cdpVersion: 115.0.5790.110, setWindowRect: true, strictFileInteractability: false, timeouts: {implicit: 0, pageLoad: 300000, script: 30000}, unhandledPromptBehavior: dismiss and notify, webauthn:extension:credBlob: true, webauthn:extension:largeBlob: true, webauthn:extension:minPinLength: true, webauthn:extension:prf: true, webauthn:virtualAuthenticators: true}
Session ID: 676aef790b1b9b3ca5fdd595e41805e5
	at org.OptimaBusTests.uiTests.createBTNTest.ConvertingTest.createNaPodpisFunctionalDollar(ConvertingTest.java:54)

checkTheFunctionalWithRU(org.OptimaBusTests.uiTests.createBTNTest.MBPerevodValTest)  Time elapsed: 26.262 s  <<< FAILURE!
java.lang.AssertionError: Comparingnorm expected [Отправляется на подпись] but found [На подписании]
	at org.OptimaBusTests.uiTests.createBTNTest.MBPerevodValTest.checkTheFunctionalWithRU(MBPerevodValTest.java:125)

checkHElpBTN(org.OptimaBusTests.uiTests.LoginTests)  Time elapsed: 3.412 s  <<< FAILURE!
org.openqa.selenium.StaleElementReferenceException: 
stale element reference: stale element not found
  (Session info: chrome=115.0.5790.110)
For documentation on this error, please visit: https://www.selenium.dev/documentation/webdriver/troubleshooting/errors#stale-element-reference-exception
Build info: version: '4.10.0', revision: 'c14d967899'
System info: os.name: 'Windows 10', os.arch: 'amd64', os.version: '10.0', java.version: '11.0.16.1'
Driver info: org.openqa.selenium.chrome.ChromeDriver
Command: [3659f41497be9ab77f5bbad58c6f1018, getElementText {id=9FCAA45D1F277E2184A466B853B8D6EF_element_93}]
Capabilities {acceptInsecureCerts: false, browserName: chrome, browserVersion: 115.0.5790.110, chrome: {chromedriverVersion: 114.0.5735.90 (386bc09e8f4f..., userDataDir: C:\Users\Asus\AppData\Local...}, goog:chromeOptions: {debuggerAddress: localhost:55298}, networkConnectionEnabled: false, pageLoadStrategy: normal, platformName: windows, proxy: Proxy(), se:cdp: ws://localhost:55298/devtoo..., se:cdpVersion: 115.0.5790.110, setWindowRect: true, strictFileInteractability: false, timeouts: {implicit: 0, pageLoad: 300000, script: 30000}, unhandledPromptBehavior: dismiss and notify, webauthn:extension:credBlob: true, webauthn:extension:largeBlob: true, webauthn:extension:minPinLength: true, webauthn:extension:prf: true, webauthn:virtualAuthenticators: true}
Element: [[ChromeDriver: chrome on windows (3659f41497be9ab77f5bbad58c6f1018)] -> xpath: .//div[@class='user-manual__text']//span]
Session ID: 3659f41497be9ab77f5bbad58c6f1018
	at org.OptimaBusTests.uiTests.LoginTests.checkHElpBTN(LoginTests.java:39)

isEmployeesBtnClickable(org.OptimaBusTests.uiTests.mainPageTests.EmployeesTests)  Time elapsed: 35.097 s  <<< FAILURE!
org.openqa.selenium.TimeoutException: Expected condition failed: waiting for visibility of Proxy element for: DefaultElementLocator 'By.xpath: //a[@href='/employees'] ' (tried for 6 second(s) with 500 milliseconds interval)
	at org.OptimaBusTests.uiTests.mainPageTests.EmployeesTests.isEmployeesBtnClickable(EmployeesTests.java:13)
Caused by: org.openqa.selenium.NoSuchElementException: 
no such element: Unable to locate element: {"method":"xpath","selector":"//a[@href='/employees'] "}
  (Session info: chrome=115.0.5790.110)
For documentation on this error, please visit: https://www.selenium.dev/documentation/webdriver/troubleshooting/errors#no-such-element-exception
Build info: version: '4.10.0', revision: 'c14d967899'
System info: os.name: 'Windows 10', os.arch: 'amd64', os.version: '10.0', java.version: '11.0.16.1'
Driver info: org.openqa.selenium.chrome.ChromeDriver
Command: [00c09ade59cc3377faa41a4dd398427e, findElement {using=xpath, value=//a[@href='/employees'] }]
Capabilities {acceptInsecureCerts: false, browserName: chrome, browserVersion: 115.0.5790.110, chrome: {chromedriverVersion: 114.0.5735.90 (386bc09e8f4f..., userDataDir: C:\Users\Asus\AppData\Local...}, goog:chromeOptions: {debuggerAddress: localhost:55339}, networkConnectionEnabled: false, pageLoadStrategy: normal, platformName: windows, proxy: Proxy(), se:cdp: ws://localhost:55339/devtoo..., se:cdpVersion: 115.0.5790.110, setWindowRect: true, strictFileInteractability: false, timeouts: {implicit: 0, pageLoad: 300000, script: 30000}, unhandledPromptBehavior: dismiss and notify, webauthn:extension:credBlob: true, webauthn:extension:largeBlob: true, webauthn:extension:minPinLength: true, webauthn:extension:prf: true, webauthn:virtualAuthenticators: true}
Session ID: 00c09ade59cc3377faa41a4dd398427e
	at org.OptimaBusTests.uiTests.mainPageTests.EmployeesTests.isEmployeesBtnClickable(EmployeesTests.java:13)

checkTheMPBar(org.OptimaBusTests.uiTests.mainPageTests.MainPageTest)  Time elapsed: 0.003 s  <<< FAILURE!
java.lang.NullPointerException
	at org.OptimaBusTests.uiTests.mainPageTests.MainPageTest.checkTheMPBar(MainPageTest.java:18)

visibilityBellBtn(org.OptimaBusTests.uiTests.mainPageTests.MainPageTest)  Time elapsed: 0.002 s  <<< FAILURE!
java.lang.NullPointerException
	at org.OptimaBusTests.uiTests.mainPageTests.MainPageTest.visibilityBellBtn(MainPageTest.java:38)

checkOtherBTNS(org.OptimaBusTests.uiTests.mainPageTests.MainPageTest)  Time elapsed: 0.002 s  <<< FAILURE!
java.lang.NullPointerException
	at org.OptimaBusTests.uiTests.mainPageTests.MainPageTest.checkOtherBTNS(MainPageTest.java:44)

MoiChernoviki(org.OptimaBusTests.uiTests.mainPageTests.OperationHisTests)  Time elapsed: 30.038 s  <<< FAILURE!
org.openqa.selenium.TimeoutException: Expected condition failed: waiting for visibility of Proxy element for: DefaultElementLocator 'By.xpath: (.//button[@class='q-btn q-btn-item non-selectable no-outline q-btn--flat q-btn--rectangle q-btn--actionable q-focusable q-hoverable q-btn--no-uppercase filter-btn'])[7]' (tried for 6 second(s) with 500 milliseconds interval)
	at org.OptimaBusTests.uiTests.mainPageTests.OperationHisTests.MoiChernoviki(OperationHisTests.java:53)
Caused by: org.openqa.selenium.NoSuchElementException: 
no such element: Unable to locate element: {"method":"xpath","selector":"(.//button[@class='q-btn q-btn-item non-selectable no-outline q-btn--flat q-btn--rectangle q-btn--actionable q-focusable q-hoverable q-btn--no-uppercase filter-btn'])[7]"}
  (Session info: chrome=115.0.5790.110)
For documentation on this error, please visit: https://www.selenium.dev/documentation/webdriver/troubleshooting/errors#no-such-element-exception
Build info: version: '4.10.0', revision: 'c14d967899'
System info: os.name: 'Windows 10', os.arch: 'amd64', os.version: '10.0', java.version: '11.0.16.1'
Driver info: org.openqa.selenium.chrome.ChromeDriver
Command: [00df6d656a36b92be922960614d25529, findElement {using=xpath, value=(.//button[@class='q-btn q-btn-item non-selectable no-outline q-btn--flat q-btn--rectangle q-btn--actionable q-focusable q-hoverable q-btn--no-uppercase filter-btn'])[7]}]
Capabilities {acceptInsecureCerts: false, browserName: chrome, browserVersion: 115.0.5790.110, chrome: {chromedriverVersion: 114.0.5735.90 (386bc09e8f4f..., userDataDir: C:\Users\Asus\AppData\Local...}, goog:chromeOptions: {debuggerAddress: localhost:55414}, networkConnectionEnabled: false, pageLoadStrategy: normal, platformName: windows, proxy: Proxy(), se:cdp: ws://localhost:55414/devtoo..., se:cdpVersion: 115.0.5790.110, setWindowRect: true, strictFileInteractability: false, timeouts: {implicit: 0, pageLoad: 300000, script: 30000}, unhandledPromptBehavior: dismiss and notify, webauthn:extension:credBlob: true, webauthn:extension:largeBlob: true, webauthn:extension:minPinLength: true, webauthn:extension:prf: true, webauthn:virtualAuthenticators: true}
Session ID: 00df6d656a36b92be922960614d25529
	at org.OptimaBusTests.uiTests.mainPageTests.OperationHisTests.MoiChernoviki(OperationHisTests.java:53)

NaPodpis(org.OptimaBusTests.uiTests.OperationHisTests)  Time elapsed: 30.118 s  <<< FAILURE!
org.openqa.selenium.TimeoutException: Expected condition failed: waiting for visibility of Proxy element for: DefaultElementLocator 'By.xpath: (.//button[@class='q-btn q-btn-item non-selectable no-outline q-btn--flat q-btn--rectangle q-btn--actionable q-focusable q-hoverable q-btn--no-uppercase filter-btn'])[1]' (tried for 6 second(s) with 500 milliseconds interval)
	at org.OptimaBusTests.uiTests.OperationHisTests.NaPodpis(OperationHisTests.java:14)
Caused by: org.openqa.selenium.NoSuchElementException: 
no such element: Unable to locate element: {"method":"xpath","selector":"(.//button[@class='q-btn q-btn-item non-selectable no-outline q-btn--flat q-btn--rectangle q-btn--actionable q-focusable q-hoverable q-btn--no-uppercase filter-btn'])[1]"}
  (Session info: chrome=115.0.5790.110)
For documentation on this error, please visit: https://www.selenium.dev/documentation/webdriver/troubleshooting/errors#no-such-element-exception
Build info: version: '4.10.0', revision: 'c14d967899'
System info: os.name: 'Windows 10', os.arch: 'amd64', os.version: '10.0', java.version: '11.0.16.1'
Driver info: org.openqa.selenium.chrome.ChromeDriver
Command: [d8b1dd991caf71c71bf3d993593a56d2, findElement {using=xpath, value=(.//button[@class='q-btn q-btn-item non-selectable no-outline q-btn--flat q-btn--rectangle q-btn--actionable q-focusable q-hoverable q-btn--no-uppercase filter-btn'])[1]}]
Capabilities {acceptInsecureCerts: false, browserName: chrome, browserVersion: 115.0.5790.110, chrome: {chromedriverVersion: 114.0.5735.90 (386bc09e8f4f..., userDataDir: C:\Users\Asus\AppData\Local...}, goog:chromeOptions: {debuggerAddress: localhost:55454}, networkConnectionEnabled: false, pageLoadStrategy: normal, platformName: windows, proxy: Proxy(), se:cdp: ws://localhost:55454/devtoo..., se:cdpVersion: 115.0.5790.110, setWindowRect: true, strictFileInteractability: false, timeouts: {implicit: 0, pageLoad: 300000, script: 30000}, unhandledPromptBehavior: dismiss and notify, webauthn:extension:credBlob: true, webauthn:extension:largeBlob: true, webauthn:extension:minPinLength: true, webauthn:extension:prf: true, webauthn:virtualAuthenticators: true}
Session ID: d8b1dd991caf71c71bf3d993593a56d2
	at org.OptimaBusTests.uiTests.OperationHisTests.NaPodpis(OperationHisTests.java:14)

OjidaetOtpr(org.OptimaBusTests.uiTests.OperationHisTests)  Time elapsed: 30.076 s  <<< FAILURE!
org.openqa.selenium.TimeoutException: Expected condition failed: waiting for visibility of Proxy element for: DefaultElementLocator 'By.xpath: (.//button[@class='q-btn q-btn-item non-selectable no-outline q-btn--flat q-btn--rectangle q-btn--actionable q-focusable q-hoverable q-btn--no-uppercase filter-btn'])[2]' (tried for 6 second(s) with 500 milliseconds interval)
	at org.OptimaBusTests.uiTests.OperationHisTests.OjidaetOtpr(OperationHisTests.java:19)
Caused by: org.openqa.selenium.NoSuchElementException: 
no such element: Unable to locate element: {"method":"xpath","selector":"(.//button[@class='q-btn q-btn-item non-selectable no-outline q-btn--flat q-btn--rectangle q-btn--actionable q-focusable q-hoverable q-btn--no-uppercase filter-btn'])[2]"}
  (Session info: chrome=115.0.5790.110)
For documentation on this error, please visit: https://www.selenium.dev/documentation/webdriver/troubleshooting/errors#no-such-element-exception
Build info: version: '4.10.0', revision: 'c14d967899'
System info: os.name: 'Windows 10', os.arch: 'amd64', os.version: '10.0', java.version: '11.0.16.1'
Driver info: org.openqa.selenium.chrome.ChromeDriver
Command: [d8b1dd991caf71c71bf3d993593a56d2, findElement {using=xpath, value=(.//button[@class='q-btn q-btn-item non-selectable no-outline q-btn--flat q-btn--rectangle q-btn--actionable q-focusable q-hoverable q-btn--no-uppercase filter-btn'])[2]}]
Capabilities {acceptInsecureCerts: false, browserName: chrome, browserVersion: 115.0.5790.110, chrome: {chromedriverVersion: 114.0.5735.90 (386bc09e8f4f..., userDataDir: C:\Users\Asus\AppData\Local...}, goog:chromeOptions: {debuggerAddress: localhost:55454}, networkConnectionEnabled: false, pageLoadStrategy: normal, platformName: windows, proxy: Proxy(), se:cdp: ws://localhost:55454/devtoo..., se:cdpVersion: 115.0.5790.110, setWindowRect: true, strictFileInteractability: false, timeouts: {implicit: 0, pageLoad: 300000, script: 30000}, unhandledPromptBehavior: dismiss and notify, webauthn:extension:credBlob: true, webauthn:extension:largeBlob: true, webauthn:extension:minPinLength: true, webauthn:extension:prf: true, webauthn:virtualAuthenticators: true}
Session ID: d8b1dd991caf71c71bf3d993593a56d2
	at org.OptimaBusTests.uiTests.OperationHisTests.OjidaetOtpr(OperationHisTests.java:19)

NaRedact(org.OptimaBusTests.uiTests.OperationHisTests)  Time elapsed: 30.034 s  <<< FAILURE!
org.openqa.selenium.TimeoutException: Expected condition failed: waiting for visibility of Proxy element for: DefaultElementLocator 'By.xpath: (.//button[@class='q-btn q-btn-item non-selectable no-outline q-btn--flat q-btn--rectangle q-btn--actionable q-focusable q-hoverable q-btn--no-uppercase filter-btn'])[3]' (tried for 6 second(s) with 500 milliseconds interval)
	at org.OptimaBusTests.uiTests.OperationHisTests.NaRedact(OperationHisTests.java:23)
Caused by: org.openqa.selenium.NoSuchElementException: 
no such element: Unable to locate element: {"method":"xpath","selector":"(.//button[@class='q-btn q-btn-item non-selectable no-outline q-btn--flat q-btn--rectangle q-btn--actionable q-focusable q-hoverable q-btn--no-uppercase filter-btn'])[3]"}
  (Session info: chrome=115.0.5790.110)
For documentation on this error, please visit: https://www.selenium.dev/documentation/webdriver/troubleshooting/errors#no-such-element-exception
Build info: version: '4.10.0', revision: 'c14d967899'
System info: os.name: 'Windows 10', os.arch: 'amd64', os.version: '10.0', java.version: '11.0.16.1'
Driver info: org.openqa.selenium.chrome.ChromeDriver
Command: [d8b1dd991caf71c71bf3d993593a56d2, findElement {using=xpath, value=(.//button[@class='q-btn q-btn-item non-selectable no-outline q-btn--flat q-btn--rectangle q-btn--actionable q-focusable q-hoverable q-btn--no-uppercase filter-btn'])[3]}]
Capabilities {acceptInsecureCerts: false, browserName: chrome, browserVersion: 115.0.5790.110, chrome: {chromedriverVersion: 114.0.5735.90 (386bc09e8f4f..., userDataDir: C:\Users\Asus\AppData\Local...}, goog:chromeOptions: {debuggerAddress: localhost:55454}, networkConnectionEnabled: false, pageLoadStrategy: normal, platformName: windows, proxy: Proxy(), se:cdp: ws://localhost:55454/devtoo..., se:cdpVersion: 115.0.5790.110, setWindowRect: true, strictFileInteractability: false, timeouts: {implicit: 0, pageLoad: 300000, script: 30000}, unhandledPromptBehavior: dismiss and notify, webauthn:extension:credBlob: true, webauthn:extension:largeBlob: true, webauthn:extension:minPinLength: true, webauthn:extension:prf: true, webauthn:virtualAuthenticators: true}
Session ID: d8b1dd991caf71c71bf3d993593a56d2
	at org.OptimaBusTests.uiTests.OperationHisTests.NaRedact(OperationHisTests.java:23)

Ispolnennye(org.OptimaBusTests.uiTests.OperationHisTests)  Time elapsed: 30.097 s  <<< FAILURE!
org.openqa.selenium.TimeoutException: Expected condition failed: waiting for visibility of Proxy element for: DefaultElementLocator 'By.xpath: (.//button[@class='q-btn q-btn-item non-selectable no-outline q-btn--flat q-btn--rectangle q-btn--actionable q-focusable q-hoverable q-btn--no-uppercase filter-btn'])[4]' (tried for 6 second(s) with 500 milliseconds interval)
	at org.OptimaBusTests.uiTests.OperationHisTests.Ispolnennye(OperationHisTests.java:27)
Caused by: org.openqa.selenium.NoSuchElementException: 
no such element: Unable to locate element: {"method":"xpath","selector":"(.//button[@class='q-btn q-btn-item non-selectable no-outline q-btn--flat q-btn--rectangle q-btn--actionable q-focusable q-hoverable q-btn--no-uppercase filter-btn'])[4]"}
  (Session info: chrome=115.0.5790.110)
For documentation on this error, please visit: https://www.selenium.dev/documentation/webdriver/troubleshooting/errors#no-such-element-exception
Build info: version: '4.10.0', revision: 'c14d967899'
System info: os.name: 'Windows 10', os.arch: 'amd64', os.version: '10.0', java.version: '11.0.16.1'
Driver info: org.openqa.selenium.chrome.ChromeDriver
Command: [d8b1dd991caf71c71bf3d993593a56d2, findElement {using=xpath, value=(.//button[@class='q-btn q-btn-item non-selectable no-outline q-btn--flat q-btn--rectangle q-btn--actionable q-focusable q-hoverable q-btn--no-uppercase filter-btn'])[4]}]
Capabilities {acceptInsecureCerts: false, browserName: chrome, browserVersion: 115.0.5790.110, chrome: {chromedriverVersion: 114.0.5735.90 (386bc09e8f4f..., userDataDir: C:\Users\Asus\AppData\Local...}, goog:chromeOptions: {debuggerAddress: localhost:55454}, networkConnectionEnabled: false, pageLoadStrategy: normal, platformName: windows, proxy: Proxy(), se:cdp: ws://localhost:55454/devtoo..., se:cdpVersion: 115.0.5790.110, setWindowRect: true, strictFileInteractability: false, timeouts: {implicit: 0, pageLoad: 300000, script: 30000}, unhandledPromptBehavior: dismiss and notify, webauthn:extension:credBlob: true, webauthn:extension:largeBlob: true, webauthn:extension:minPinLength: true, webauthn:extension:prf: true, webauthn:virtualAuthenticators: true}
Session ID: d8b1dd991caf71c71bf3d993593a56d2
	at org.OptimaBusTests.uiTests.OperationHisTests.Ispolnennye(OperationHisTests.java:27)

Otklonennye(org.OptimaBusTests.uiTests.OperationHisTests)  Time elapsed: 30.08 s  <<< FAILURE!
org.openqa.selenium.TimeoutException: Expected condition failed: waiting for visibility of Proxy element for: DefaultElementLocator 'By.xpath: (.//button[@class='q-btn q-btn-item non-selectable no-outline q-btn--flat q-btn--rectangle q-btn--actionable q-focusable q-hoverable q-btn--no-uppercase filter-btn'])[5]' (tried for 6 second(s) with 500 milliseconds interval)
	at org.OptimaBusTests.uiTests.OperationHisTests.Otklonennye(OperationHisTests.java:31)
Caused by: org.openqa.selenium.NoSuchElementException: 
no such element: Unable to locate element: {"method":"xpath","selector":"(.//button[@class='q-btn q-btn-item non-selectable no-outline q-btn--flat q-btn--rectangle q-btn--actionable q-focusable q-hoverable q-btn--no-uppercase filter-btn'])[5]"}
  (Session info: chrome=115.0.5790.110)
For documentation on this error, please visit: https://www.selenium.dev/documentation/webdriver/troubleshooting/errors#no-such-element-exception
Build info: version: '4.10.0', revision: 'c14d967899'
System info: os.name: 'Windows 10', os.arch: 'amd64', os.version: '10.0', java.version: '11.0.16.1'
Driver info: org.openqa.selenium.chrome.ChromeDriver
Command: [d8b1dd991caf71c71bf3d993593a56d2, findElement {using=xpath, value=(.//button[@class='q-btn q-btn-item non-selectable no-outline q-btn--flat q-btn--rectangle q-btn--actionable q-focusable q-hoverable q-btn--no-uppercase filter-btn'])[5]}]
Capabilities {acceptInsecureCerts: false, browserName: chrome, browserVersion: 115.0.5790.110, chrome: {chromedriverVersion: 114.0.5735.90 (386bc09e8f4f..., userDataDir: C:\Users\Asus\AppData\Local...}, goog:chromeOptions: {debuggerAddress: localhost:55454}, networkConnectionEnabled: false, pageLoadStrategy: normal, platformName: windows, proxy: Proxy(), se:cdp: ws://localhost:55454/devtoo..., se:cdpVersion: 115.0.5790.110, setWindowRect: true, strictFileInteractability: false, timeouts: {implicit: 0, pageLoad: 300000, script: 30000}, unhandledPromptBehavior: dismiss and notify, webauthn:extension:credBlob: true, webauthn:extension:largeBlob: true, webauthn:extension:minPinLength: true, webauthn:extension:prf: true, webauthn:virtualAuthenticators: true}
Session ID: d8b1dd991caf71c71bf3d993593a56d2
	at org.OptimaBusTests.uiTests.OperationHisTests.Otklonennye(OperationHisTests.java:31)

OtkazanoBankom(org.OptimaBusTests.uiTests.OperationHisTests)  Time elapsed: 30.059 s  <<< FAILURE!
org.openqa.selenium.TimeoutException: Expected condition failed: waiting for visibility of Proxy element for: DefaultElementLocator 'By.xpath: (.//button[@class='q-btn q-btn-item non-selectable no-outline q-btn--flat q-btn--rectangle q-btn--actionable q-focusable q-hoverable q-btn--no-uppercase filter-btn'])[6]' (tried for 6 second(s) with 500 milliseconds interval)
	at org.OptimaBusTests.uiTests.OperationHisTests.OtkazanoBankom(OperationHisTests.java:35)
Caused by: org.openqa.selenium.NoSuchElementException: 
no such element: Unable to locate element: {"method":"xpath","selector":"(.//button[@class='q-btn q-btn-item non-selectable no-outline q-btn--flat q-btn--rectangle q-btn--actionable q-focusable q-hoverable q-btn--no-uppercase filter-btn'])[6]"}
  (Session info: chrome=115.0.5790.110)
For documentation on this error, please visit: https://www.selenium.dev/documentation/webdriver/troubleshooting/errors#no-such-element-exception
Build info: version: '4.10.0', revision: 'c14d967899'
System info: os.name: 'Windows 10', os.arch: 'amd64', os.version: '10.0', java.version: '11.0.16.1'
Driver info: org.openqa.selenium.chrome.ChromeDriver
Command: [d8b1dd991caf71c71bf3d993593a56d2, findElement {using=xpath, value=(.//button[@class='q-btn q-btn-item non-selectable no-outline q-btn--flat q-btn--rectangle q-btn--actionable q-focusable q-hoverable q-btn--no-uppercase filter-btn'])[6]}]
Capabilities {acceptInsecureCerts: false, browserName: chrome, browserVersion: 115.0.5790.110, chrome: {chromedriverVersion: 114.0.5735.90 (386bc09e8f4f..., userDataDir: C:\Users\Asus\AppData\Local...}, goog:chromeOptions: {debuggerAddress: localhost:55454}, networkConnectionEnabled: false, pageLoadStrategy: normal, platformName: windows, proxy: Proxy(), se:cdp: ws://localhost:55454/devtoo..., se:cdpVersion: 115.0.5790.110, setWindowRect: true, strictFileInteractability: false, timeouts: {implicit: 0, pageLoad: 300000, script: 30000}, unhandledPromptBehavior: dismiss and notify, webauthn:extension:credBlob: true, webauthn:extension:largeBlob: true, webauthn:extension:minPinLength: true, webauthn:extension:prf: true, webauthn:virtualAuthenticators: true}
Session ID: d8b1dd991caf71c71bf3d993593a56d2
	at org.OptimaBusTests.uiTests.OperationHisTests.OtkazanoBankom(OperationHisTests.java:35)

MoiChernoviki(org.OptimaBusTests.uiTests.OperationHisTests)  Time elapsed: 30.089 s  <<< FAILURE!
org.openqa.selenium.TimeoutException: Expected condition failed: waiting for visibility of Proxy element for: DefaultElementLocator 'By.xpath: (.//button[@class='q-btn q-btn-item non-selectable no-outline q-btn--flat q-btn--rectangle q-btn--actionable q-focusable q-hoverable q-btn--no-uppercase filter-btn'])[7]' (tried for 6 second(s) with 500 milliseconds interval)
	at org.OptimaBusTests.uiTests.OperationHisTests.MoiChernoviki(OperationHisTests.java:39)
Caused by: org.openqa.selenium.NoSuchElementException: 
no such element: Unable to locate element: {"method":"xpath","selector":"(.//button[@class='q-btn q-btn-item non-selectable no-outline q-btn--flat q-btn--rectangle q-btn--actionable q-focusable q-hoverable q-btn--no-uppercase filter-btn'])[7]"}
  (Session info: chrome=115.0.5790.110)
For documentation on this error, please visit: https://www.selenium.dev/documentation/webdriver/troubleshooting/errors#no-such-element-exception
Build info: version: '4.10.0', revision: 'c14d967899'
System info: os.name: 'Windows 10', os.arch: 'amd64', os.version: '10.0', java.version: '11.0.16.1'
Driver info: org.openqa.selenium.chrome.ChromeDriver
Command: [d8b1dd991caf71c71bf3d993593a56d2, findElement {using=xpath, value=(.//button[@class='q-btn q-btn-item non-selectable no-outline q-btn--flat q-btn--rectangle q-btn--actionable q-focusable q-hoverable q-btn--no-uppercase filter-btn'])[7]}]
Capabilities {acceptInsecureCerts: false, browserName: chrome, browserVersion: 115.0.5790.110, chrome: {chromedriverVersion: 114.0.5735.90 (386bc09e8f4f..., userDataDir: C:\Users\Asus\AppData\Local...}, goog:chromeOptions: {debuggerAddress: localhost:55454}, networkConnectionEnabled: false, pageLoadStrategy: normal, platformName: windows, proxy: Proxy(), se:cdp: ws://localhost:55454/devtoo..., se:cdpVersion: 115.0.5790.110, setWindowRect: true, strictFileInteractability: false, timeouts: {implicit: 0, pageLoad: 300000, script: 30000}, unhandledPromptBehavior: dismiss and notify, webauthn:extension:credBlob: true, webauthn:extension:largeBlob: true, webauthn:extension:minPinLength: true, webauthn:extension:prf: true, webauthn:virtualAuthenticators: true}
Session ID: d8b1dd991caf71c71bf3d993593a56d2
	at org.OptimaBusTests.uiTests.OperationHisTests.MoiChernoviki(OperationHisTests.java:39)

